Apr 03, 2018 6:19:10 PM org.apache.catalina.core.AprLifecycleListener init
INFO: Loaded APR based Apache Tomcat Native library 1.1.31 using APR version 1.4.8.
Apr 03, 2018 6:19:10 PM org.apache.catalina.core.AprLifecycleListener init
INFO: APR capabilities: IPv6 [true], sendfile [true], accept filters [false], random [true].
Apr 03, 2018 6:19:11 PM org.apache.catalina.core.AprLifecycleListener initializeSSL
INFO: OpenSSL successfully initialized (OpenSSL 1.0.1h 5 Jun 2014)
Apr 03, 2018 6:19:11 PM org.apache.coyote.AbstractProtocol init
INFO: Initializing ProtocolHandler ["http-apr-8088"]
Apr 03, 2018 6:19:11 PM org.apache.coyote.AbstractProtocol init
INFO: Initializing ProtocolHandler ["ajp-apr-8099"]
Apr 03, 2018 6:19:11 PM org.apache.catalina.startup.Catalina load
INFO: Initialization processed in 1363 ms
Apr 03, 2018 6:19:11 PM org.apache.catalina.users.MemoryUserDatabase open
SEVERE: The specified user database [C:\Users\jason.zhenchi.ye\Desktop\YIJIANG\tomcat\conf\tomcat-users.xml] could not be found
Apr 03, 2018 6:19:11 PM org.apache.catalina.core.StandardService startInternal
INFO: Starting service Catalina
Apr 03, 2018 6:19:11 PM org.apache.catalina.core.StandardEngine startInternal
INFO: Starting Servlet Engine: Apache Tomcat/7.0.56
Apr 03, 2018 6:19:11 PM org.apache.catalina.startup.HostConfig deployDescriptor
INFO: Deploying configuration descriptor C:\Users\jason.zhenchi.ye\Desktop\YIJIANG\tomcat\conf\Catalina\localhost\webDemo.xml
Apr 03, 2018 6:19:15 PM org.apache.catalina.startup.TaglibUriRule body
INFO: TLD skipped. URI: http://java.sun.com/jstl/core_rt is already defined
Apr 03, 2018 6:19:15 PM org.apache.catalina.startup.TaglibUriRule body
INFO: TLD skipped. URI: http://java.sun.com/jstl/core is already defined
Apr 03, 2018 6:19:15 PM org.apache.catalina.startup.TaglibUriRule body
INFO: TLD skipped. URI: http://java.sun.com/jsp/jstl/core is already defined
Apr 03, 2018 6:19:15 PM org.apache.catalina.startup.TaglibUriRule body
INFO: TLD skipped. URI: http://java.sun.com/jstl/fmt_rt is already defined
Apr 03, 2018 6:19:15 PM org.apache.catalina.startup.TaglibUriRule body
INFO: TLD skipped. URI: http://java.sun.com/jstl/fmt is already defined
Apr 03, 2018 6:19:15 PM org.apache.catalina.startup.TaglibUriRule body
INFO: TLD skipped. URI: http://java.sun.com/jsp/jstl/fmt is already defined
Apr 03, 2018 6:19:15 PM org.apache.catalina.startup.TaglibUriRule body
INFO: TLD skipped. URI: http://java.sun.com/jsp/jstl/functions is already defined
Apr 03, 2018 6:19:15 PM org.apache.catalina.startup.TaglibUriRule body
INFO: TLD skipped. URI: http://jakarta.apache.org/taglibs/standard/permittedTaglibs is already defined
Apr 03, 2018 6:19:15 PM org.apache.catalina.startup.TaglibUriRule body
INFO: TLD skipped. URI: http://jakarta.apache.org/taglibs/standard/scriptfree is already defined
Apr 03, 2018 6:19:15 PM org.apache.catalina.startup.TaglibUriRule body
INFO: TLD skipped. URI: http://java.sun.com/jstl/sql_rt is already defined
Apr 03, 2018 6:19:15 PM org.apache.catalina.startup.TaglibUriRule body
INFO: TLD skipped. URI: http://java.sun.com/jstl/sql is already defined
Apr 03, 2018 6:19:15 PM org.apache.catalina.startup.TaglibUriRule body
INFO: TLD skipped. URI: http://java.sun.com/jsp/jstl/sql is already defined
Apr 03, 2018 6:19:15 PM org.apache.catalina.startup.TaglibUriRule body
INFO: TLD skipped. URI: http://java.sun.com/jstl/xml_rt is already defined
Apr 03, 2018 6:19:15 PM org.apache.catalina.startup.TaglibUriRule body
INFO: TLD skipped. URI: http://java.sun.com/jstl/xml is already defined
Apr 03, 2018 6:19:15 PM org.apache.catalina.startup.TaglibUriRule body
INFO: TLD skipped. URI: http://java.sun.com/jsp/jstl/xml is already defined
Apr 03, 2018 6:19:18 PM org.apache.catalina.util.SessionIdGenerator createSecureRandom
INFO: Creation of SecureRandom instance for session ID generation using [SHA1PRNG] took [163] milliseconds.
Apr 03, 2018 6:19:18 PM org.apache.catalina.startup.HostConfig deployDescriptor
INFO: Deployment of configuration descriptor C:\Users\jason.zhenchi.ye\Desktop\YIJIANG\tomcat\conf\Catalina\localhost\webDemo.xml has finished in 6,756 ms
Apr 03, 2018 6:19:18 PM org.apache.catalina.startup.HostConfig deployDirectory
INFO: Deploying web application directory C:\Users\jason.zhenchi.ye\Desktop\YIJIANG\tomcat\webapps\ROOT
Apr 03, 2018 6:19:18 PM org.apache.catalina.startup.HostConfig deployDirectory
INFO: Deployment of web application directory C:\Users\jason.zhenchi.ye\Desktop\YIJIANG\tomcat\webapps\ROOT has finished in 144 ms
Apr 03, 2018 6:19:18 PM org.apache.coyote.AbstractProtocol start
INFO: Starting ProtocolHandler ["http-apr-8088"]
Apr 03, 2018 6:19:18 PM org.apache.coyote.AbstractProtocol start
INFO: Starting ProtocolHandler ["ajp-apr-8099"]
Apr 03, 2018 6:19:18 PM org.apache.catalina.startup.Catalina start
INFO: Server startup in 6970 ms
