Mar 29, 2018 10:59:57 AM org.apache.catalina.core.AprLifecycleListener init
INFO: Loaded APR based Apache Tomcat Native library 1.1.31 using APR version 1.4.8.
Mar 29, 2018 10:59:57 AM org.apache.catalina.core.AprLifecycleListener init
INFO: APR capabilities: IPv6 [true], sendfile [true], accept filters [false], random [true].
Mar 29, 2018 10:59:58 AM org.apache.catalina.core.AprLifecycleListener initializeSSL
INFO: OpenSSL successfully initialized (OpenSSL 1.0.1h 5 Jun 2014)
Mar 29, 2018 10:59:58 AM org.apache.coyote.AbstractProtocol init
INFO: Initializing ProtocolHandler ["http-apr-8088"]
Mar 29, 2018 10:59:58 AM org.apache.coyote.AbstractProtocol init
INFO: Initializing ProtocolHandler ["ajp-apr-8009"]
Mar 29, 2018 10:59:58 AM org.apache.coyote.AbstractProtocol init
SEVERE: Failed to initialize end point associated with ProtocolHandler ["ajp-apr-8009"]
java.lang.Exception: Socket bind failed: [730013] An attempt was made to access a socket in a way forbidden by its access permissions.  
	at org.apache.tomcat.util.net.AprEndpoint.bind(AprEndpoint.java:453)
	at org.apache.tomcat.util.net.AbstractEndpoint.init(AbstractEndpoint.java:646)
	at org.apache.coyote.AbstractProtocol.init(AbstractProtocol.java:434)
	at org.apache.catalina.connector.Connector.initInternal(Connector.java:978)
	at org.apache.catalina.util.LifecycleBase.init(LifecycleBase.java:102)
	at org.apache.catalina.core.StandardService.initInternal(StandardService.java:559)
	at org.apache.catalina.util.LifecycleBase.init(LifecycleBase.java:102)
	at org.apache.catalina.core.StandardServer.initInternal(StandardServer.java:821)
	at org.apache.catalina.util.LifecycleBase.init(LifecycleBase.java:102)
	at org.apache.catalina.startup.Catalina.load(Catalina.java:638)
	at org.apache.catalina.startup.Catalina.load(Catalina.java:663)
	at sun.reflect.NativeMethodAccessorImpl.invoke0(Native Method)
	at sun.reflect.NativeMethodAccessorImpl.invoke(NativeMethodAccessorImpl.java:57)
	at sun.reflect.DelegatingMethodAccessorImpl.invoke(DelegatingMethodAccessorImpl.java:43)
	at java.lang.reflect.Method.invoke(Method.java:606)
	at org.apache.catalina.startup.Bootstrap.load(Bootstrap.java:280)
	at org.apache.catalina.startup.Bootstrap.main(Bootstrap.java:454)

Mar 29, 2018 10:59:58 AM org.apache.catalina.core.StandardService initInternal
SEVERE: Failed to initialize connector [Connector[AJP/1.3-8009]]
org.apache.catalina.LifecycleException: Failed to initialize component [Connector[AJP/1.3-8009]]
	at org.apache.catalina.util.LifecycleBase.init(LifecycleBase.java:106)
	at org.apache.catalina.core.StandardService.initInternal(StandardService.java:559)
	at org.apache.catalina.util.LifecycleBase.init(LifecycleBase.java:102)
	at org.apache.catalina.core.StandardServer.initInternal(StandardServer.java:821)
	at org.apache.catalina.util.LifecycleBase.init(LifecycleBase.java:102)
	at org.apache.catalina.startup.Catalina.load(Catalina.java:638)
	at org.apache.catalina.startup.Catalina.load(Catalina.java:663)
	at sun.reflect.NativeMethodAccessorImpl.invoke0(Native Method)
	at sun.reflect.NativeMethodAccessorImpl.invoke(NativeMethodAccessorImpl.java:57)
	at sun.reflect.DelegatingMethodAccessorImpl.invoke(DelegatingMethodAccessorImpl.java:43)
	at java.lang.reflect.Method.invoke(Method.java:606)
	at org.apache.catalina.startup.Bootstrap.load(Bootstrap.java:280)
	at org.apache.catalina.startup.Bootstrap.main(Bootstrap.java:454)
Caused by: org.apache.catalina.LifecycleException: Protocol handler initialization failed
	at org.apache.catalina.connector.Connector.initInternal(Connector.java:980)
	at org.apache.catalina.util.LifecycleBase.init(LifecycleBase.java:102)
	... 12 more
Caused by: java.lang.Exception: Socket bind failed: [730013] An attempt was made to access a socket in a way forbidden by its access permissions.  
	at org.apache.tomcat.util.net.AprEndpoint.bind(AprEndpoint.java:453)
	at org.apache.tomcat.util.net.AbstractEndpoint.init(AbstractEndpoint.java:646)
	at org.apache.coyote.AbstractProtocol.init(AbstractProtocol.java:434)
	at org.apache.catalina.connector.Connector.initInternal(Connector.java:978)
	... 13 more

Mar 29, 2018 10:59:58 AM org.apache.catalina.startup.Catalina load
INFO: Initialization processed in 1213 ms
Mar 29, 2018 10:59:58 AM org.apache.catalina.users.MemoryUserDatabase open
SEVERE: The specified user database [C:\Users\jason.zhenchi.ye\Desktop\YIJIANG\tomcat\conf\tomcat-users.xml] could not be found
Mar 29, 2018 10:59:58 AM org.apache.catalina.core.StandardService startInternal
INFO: Starting service Catalina
Mar 29, 2018 10:59:58 AM org.apache.catalina.core.StandardEngine startInternal
INFO: Starting Servlet Engine: Apache Tomcat/7.0.56
Mar 29, 2018 10:59:58 AM org.apache.catalina.startup.HostConfig deployDescriptor
INFO: Deploying configuration descriptor C:\Users\jason.zhenchi.ye\Desktop\YIJIANG\tomcat\conf\Catalina\localhost\webDemo.xml
Mar 29, 2018 11:00:02 AM org.apache.catalina.startup.TaglibUriRule body
INFO: TLD skipped. URI: http://java.sun.com/jstl/core_rt is already defined
Mar 29, 2018 11:00:02 AM org.apache.catalina.startup.TaglibUriRule body
INFO: TLD skipped. URI: http://java.sun.com/jstl/core is already defined
Mar 29, 2018 11:00:02 AM org.apache.catalina.startup.TaglibUriRule body
INFO: TLD skipped. URI: http://java.sun.com/jsp/jstl/core is already defined
Mar 29, 2018 11:00:02 AM org.apache.catalina.startup.TaglibUriRule body
INFO: TLD skipped. URI: http://java.sun.com/jstl/fmt_rt is already defined
Mar 29, 2018 11:00:02 AM org.apache.catalina.startup.TaglibUriRule body
INFO: TLD skipped. URI: http://java.sun.com/jstl/fmt is already defined
Mar 29, 2018 11:00:02 AM org.apache.catalina.startup.TaglibUriRule body
INFO: TLD skipped. URI: http://java.sun.com/jsp/jstl/fmt is already defined
Mar 29, 2018 11:00:02 AM org.apache.catalina.startup.TaglibUriRule body
INFO: TLD skipped. URI: http://java.sun.com/jsp/jstl/functions is already defined
Mar 29, 2018 11:00:02 AM org.apache.catalina.startup.TaglibUriRule body
INFO: TLD skipped. URI: http://jakarta.apache.org/taglibs/standard/permittedTaglibs is already defined
Mar 29, 2018 11:00:02 AM org.apache.catalina.startup.TaglibUriRule body
INFO: TLD skipped. URI: http://jakarta.apache.org/taglibs/standard/scriptfree is already defined
Mar 29, 2018 11:00:02 AM org.apache.catalina.startup.TaglibUriRule body
INFO: TLD skipped. URI: http://java.sun.com/jstl/sql_rt is already defined
Mar 29, 2018 11:00:02 AM org.apache.catalina.startup.TaglibUriRule body
INFO: TLD skipped. URI: http://java.sun.com/jstl/sql is already defined
Mar 29, 2018 11:00:02 AM org.apache.catalina.startup.TaglibUriRule body
INFO: TLD skipped. URI: http://java.sun.com/jsp/jstl/sql is already defined
Mar 29, 2018 11:00:02 AM org.apache.catalina.startup.TaglibUriRule body
INFO: TLD skipped. URI: http://java.sun.com/jstl/xml_rt is already defined
Mar 29, 2018 11:00:02 AM org.apache.catalina.startup.TaglibUriRule body
INFO: TLD skipped. URI: http://java.sun.com/jstl/xml is already defined
Mar 29, 2018 11:00:02 AM org.apache.catalina.startup.TaglibUriRule body
INFO: TLD skipped. URI: http://java.sun.com/jsp/jstl/xml is already defined
Mar 29, 2018 11:00:58 AM org.apache.catalina.core.AprLifecycleListener init
INFO: Loaded APR based Apache Tomcat Native library 1.1.31 using APR version 1.4.8.
Mar 29, 2018 11:00:58 AM org.apache.catalina.core.AprLifecycleListener init
INFO: APR capabilities: IPv6 [true], sendfile [true], accept filters [false], random [true].
Mar 29, 2018 11:00:59 AM org.apache.catalina.core.AprLifecycleListener initializeSSL
INFO: OpenSSL successfully initialized (OpenSSL 1.0.1h 5 Jun 2014)
Mar 29, 2018 11:00:59 AM org.apache.coyote.AbstractProtocol init
INFO: Initializing ProtocolHandler ["http-apr-8088"]
Mar 29, 2018 11:00:59 AM org.apache.coyote.AbstractProtocol init
INFO: Initializing ProtocolHandler ["ajp-apr-8009"]
Mar 29, 2018 11:00:59 AM org.apache.coyote.AbstractProtocol init
SEVERE: Failed to initialize end point associated with ProtocolHandler ["ajp-apr-8009"]
java.lang.Exception: Socket bind failed: [730013] An attempt was made to access a socket in a way forbidden by its access permissions.  
	at org.apache.tomcat.util.net.AprEndpoint.bind(AprEndpoint.java:453)
	at org.apache.tomcat.util.net.AbstractEndpoint.init(AbstractEndpoint.java:646)
	at org.apache.coyote.AbstractProtocol.init(AbstractProtocol.java:434)
	at org.apache.catalina.connector.Connector.initInternal(Connector.java:978)
	at org.apache.catalina.util.LifecycleBase.init(LifecycleBase.java:102)
	at org.apache.catalina.core.StandardService.initInternal(StandardService.java:559)
	at org.apache.catalina.util.LifecycleBase.init(LifecycleBase.java:102)
	at org.apache.catalina.core.StandardServer.initInternal(StandardServer.java:821)
	at org.apache.catalina.util.LifecycleBase.init(LifecycleBase.java:102)
	at org.apache.catalina.startup.Catalina.load(Catalina.java:638)
	at org.apache.catalina.startup.Catalina.load(Catalina.java:663)
	at sun.reflect.NativeMethodAccessorImpl.invoke0(Native Method)
	at sun.reflect.NativeMethodAccessorImpl.invoke(NativeMethodAccessorImpl.java:57)
	at sun.reflect.DelegatingMethodAccessorImpl.invoke(DelegatingMethodAccessorImpl.java:43)
	at java.lang.reflect.Method.invoke(Method.java:606)
	at org.apache.catalina.startup.Bootstrap.load(Bootstrap.java:280)
	at org.apache.catalina.startup.Bootstrap.main(Bootstrap.java:454)

Mar 29, 2018 11:00:59 AM org.apache.catalina.core.StandardService initInternal
SEVERE: Failed to initialize connector [Connector[AJP/1.3-8009]]
org.apache.catalina.LifecycleException: Failed to initialize component [Connector[AJP/1.3-8009]]
	at org.apache.catalina.util.LifecycleBase.init(LifecycleBase.java:106)
	at org.apache.catalina.core.StandardService.initInternal(StandardService.java:559)
	at org.apache.catalina.util.LifecycleBase.init(LifecycleBase.java:102)
	at org.apache.catalina.core.StandardServer.initInternal(StandardServer.java:821)
	at org.apache.catalina.util.LifecycleBase.init(LifecycleBase.java:102)
	at org.apache.catalina.startup.Catalina.load(Catalina.java:638)
	at org.apache.catalina.startup.Catalina.load(Catalina.java:663)
	at sun.reflect.NativeMethodAccessorImpl.invoke0(Native Method)
	at sun.reflect.NativeMethodAccessorImpl.invoke(NativeMethodAccessorImpl.java:57)
	at sun.reflect.DelegatingMethodAccessorImpl.invoke(DelegatingMethodAccessorImpl.java:43)
	at java.lang.reflect.Method.invoke(Method.java:606)
	at org.apache.catalina.startup.Bootstrap.load(Bootstrap.java:280)
	at org.apache.catalina.startup.Bootstrap.main(Bootstrap.java:454)
Caused by: org.apache.catalina.LifecycleException: Protocol handler initialization failed
	at org.apache.catalina.connector.Connector.initInternal(Connector.java:980)
	at org.apache.catalina.util.LifecycleBase.init(LifecycleBase.java:102)
	... 12 more
Caused by: java.lang.Exception: Socket bind failed: [730013] An attempt was made to access a socket in a way forbidden by its access permissions.  
	at org.apache.tomcat.util.net.AprEndpoint.bind(AprEndpoint.java:453)
	at org.apache.tomcat.util.net.AbstractEndpoint.init(AbstractEndpoint.java:646)
	at org.apache.coyote.AbstractProtocol.init(AbstractProtocol.java:434)
	at org.apache.catalina.connector.Connector.initInternal(Connector.java:978)
	... 13 more

Mar 29, 2018 11:00:59 AM org.apache.catalina.startup.Catalina load
INFO: Initialization processed in 1038 ms
Mar 29, 2018 11:00:59 AM org.apache.catalina.users.MemoryUserDatabase open
SEVERE: The specified user database [C:\Users\jason.zhenchi.ye\Desktop\YIJIANG\tomcat\conf\tomcat-users.xml] could not be found
Mar 29, 2018 11:00:59 AM org.apache.catalina.core.StandardService startInternal
INFO: Starting service Catalina
Mar 29, 2018 11:00:59 AM org.apache.catalina.core.StandardEngine startInternal
INFO: Starting Servlet Engine: Apache Tomcat/7.0.56
Mar 29, 2018 11:00:59 AM org.apache.catalina.startup.HostConfig deployDescriptor
INFO: Deploying configuration descriptor C:\Users\jason.zhenchi.ye\Desktop\YIJIANG\tomcat\conf\Catalina\localhost\webDemo.xml
Mar 29, 2018 11:01:03 AM org.apache.catalina.startup.TaglibUriRule body
INFO: TLD skipped. URI: http://java.sun.com/jstl/core_rt is already defined
Mar 29, 2018 11:01:03 AM org.apache.catalina.startup.TaglibUriRule body
INFO: TLD skipped. URI: http://java.sun.com/jstl/core is already defined
Mar 29, 2018 11:01:03 AM org.apache.catalina.startup.TaglibUriRule body
INFO: TLD skipped. URI: http://java.sun.com/jsp/jstl/core is already defined
Mar 29, 2018 11:01:03 AM org.apache.catalina.startup.TaglibUriRule body
INFO: TLD skipped. URI: http://java.sun.com/jstl/fmt_rt is already defined
Mar 29, 2018 11:01:03 AM org.apache.catalina.startup.TaglibUriRule body
INFO: TLD skipped. URI: http://java.sun.com/jstl/fmt is already defined
Mar 29, 2018 11:01:03 AM org.apache.catalina.startup.TaglibUriRule body
INFO: TLD skipped. URI: http://java.sun.com/jsp/jstl/fmt is already defined
Mar 29, 2018 11:01:03 AM org.apache.catalina.startup.TaglibUriRule body
INFO: TLD skipped. URI: http://java.sun.com/jsp/jstl/functions is already defined
Mar 29, 2018 11:01:03 AM org.apache.catalina.startup.TaglibUriRule body
INFO: TLD skipped. URI: http://jakarta.apache.org/taglibs/standard/permittedTaglibs is already defined
Mar 29, 2018 11:01:03 AM org.apache.catalina.startup.TaglibUriRule body
INFO: TLD skipped. URI: http://jakarta.apache.org/taglibs/standard/scriptfree is already defined
Mar 29, 2018 11:01:03 AM org.apache.catalina.startup.TaglibUriRule body
INFO: TLD skipped. URI: http://java.sun.com/jstl/sql_rt is already defined
Mar 29, 2018 11:01:03 AM org.apache.catalina.startup.TaglibUriRule body
INFO: TLD skipped. URI: http://java.sun.com/jstl/sql is already defined
Mar 29, 2018 11:01:03 AM org.apache.catalina.startup.TaglibUriRule body
INFO: TLD skipped. URI: http://java.sun.com/jsp/jstl/sql is already defined
Mar 29, 2018 11:01:03 AM org.apache.catalina.startup.TaglibUriRule body
INFO: TLD skipped. URI: http://java.sun.com/jstl/xml_rt is already defined
Mar 29, 2018 11:01:03 AM org.apache.catalina.startup.TaglibUriRule body
INFO: TLD skipped. URI: http://java.sun.com/jstl/xml is already defined
Mar 29, 2018 11:01:03 AM org.apache.catalina.startup.TaglibUriRule body
INFO: TLD skipped. URI: http://java.sun.com/jsp/jstl/xml is already defined
Mar 29, 2018 11:01:05 AM org.apache.catalina.util.SessionIdGenerator createSecureRandom
INFO: Creation of SecureRandom instance for session ID generation using [SHA1PRNG] took [153] milliseconds.
Mar 29, 2018 11:01:05 AM org.apache.catalina.startup.HostConfig deployDescriptor
INFO: Deployment of configuration descriptor C:\Users\jason.zhenchi.ye\Desktop\YIJIANG\tomcat\conf\Catalina\localhost\webDemo.xml has finished in 6,405 ms
Mar 29, 2018 11:01:05 AM org.apache.catalina.startup.HostConfig deployDirectory
INFO: Deploying web application directory C:\Users\jason.zhenchi.ye\Desktop\YIJIANG\tomcat\webapps\ROOT
Mar 29, 2018 11:01:05 AM org.apache.catalina.startup.HostConfig deployDirectory
INFO: Deployment of web application directory C:\Users\jason.zhenchi.ye\Desktop\YIJIANG\tomcat\webapps\ROOT has finished in 109 ms
Mar 29, 2018 11:01:05 AM org.apache.coyote.AbstractProtocol start
INFO: Starting ProtocolHandler ["http-apr-8088"]
Mar 29, 2018 11:01:05 AM org.apache.catalina.startup.Catalina start
INFO: Server startup in 6572 ms
Mar 29, 2018 11:03:34 AM org.apache.catalina.core.AprLifecycleListener init
INFO: Loaded APR based Apache Tomcat Native library 1.1.31 using APR version 1.4.8.
Mar 29, 2018 11:03:34 AM org.apache.catalina.core.AprLifecycleListener init
INFO: APR capabilities: IPv6 [true], sendfile [true], accept filters [false], random [true].
Mar 29, 2018 11:03:35 AM org.apache.catalina.core.AprLifecycleListener initializeSSL
INFO: OpenSSL successfully initialized (OpenSSL 1.0.1h 5 Jun 2014)
Mar 29, 2018 11:03:35 AM org.apache.coyote.AbstractProtocol init
INFO: Initializing ProtocolHandler ["http-apr-8088"]
Mar 29, 2018 11:03:35 AM org.apache.coyote.AbstractProtocol init
INFO: Initializing ProtocolHandler ["ajp-apr-8099"]
Mar 29, 2018 11:03:35 AM org.apache.catalina.startup.Catalina load
INFO: Initialization processed in 1095 ms
Mar 29, 2018 11:03:35 AM org.apache.catalina.users.MemoryUserDatabase open
SEVERE: The specified user database [C:\Users\jason.zhenchi.ye\Desktop\YIJIANG\tomcat\conf\tomcat-users.xml] could not be found
Mar 29, 2018 11:03:35 AM org.apache.catalina.core.StandardService startInternal
INFO: Starting service Catalina
Mar 29, 2018 11:03:35 AM org.apache.catalina.core.StandardEngine startInternal
INFO: Starting Servlet Engine: Apache Tomcat/7.0.56
Mar 29, 2018 11:03:35 AM org.apache.catalina.startup.HostConfig deployDescriptor
INFO: Deploying configuration descriptor C:\Users\jason.zhenchi.ye\Desktop\YIJIANG\tomcat\conf\Catalina\localhost\webDemo.xml
Mar 29, 2018 11:03:38 AM org.apache.catalina.startup.TaglibUriRule body
INFO: TLD skipped. URI: http://java.sun.com/jstl/core_rt is already defined
Mar 29, 2018 11:03:38 AM org.apache.catalina.startup.TaglibUriRule body
INFO: TLD skipped. URI: http://java.sun.com/jstl/core is already defined
Mar 29, 2018 11:03:38 AM org.apache.catalina.startup.TaglibUriRule body
INFO: TLD skipped. URI: http://java.sun.com/jsp/jstl/core is already defined
Mar 29, 2018 11:03:38 AM org.apache.catalina.startup.TaglibUriRule body
INFO: TLD skipped. URI: http://java.sun.com/jstl/fmt_rt is already defined
Mar 29, 2018 11:03:38 AM org.apache.catalina.startup.TaglibUriRule body
INFO: TLD skipped. URI: http://java.sun.com/jstl/fmt is already defined
Mar 29, 2018 11:03:38 AM org.apache.catalina.startup.TaglibUriRule body
INFO: TLD skipped. URI: http://java.sun.com/jsp/jstl/fmt is already defined
Mar 29, 2018 11:03:38 AM org.apache.catalina.startup.TaglibUriRule body
INFO: TLD skipped. URI: http://java.sun.com/jsp/jstl/functions is already defined
Mar 29, 2018 11:03:38 AM org.apache.catalina.startup.TaglibUriRule body
INFO: TLD skipped. URI: http://jakarta.apache.org/taglibs/standard/permittedTaglibs is already defined
Mar 29, 2018 11:03:38 AM org.apache.catalina.startup.TaglibUriRule body
INFO: TLD skipped. URI: http://jakarta.apache.org/taglibs/standard/scriptfree is already defined
Mar 29, 2018 11:03:38 AM org.apache.catalina.startup.TaglibUriRule body
INFO: TLD skipped. URI: http://java.sun.com/jstl/sql_rt is already defined
Mar 29, 2018 11:03:38 AM org.apache.catalina.startup.TaglibUriRule body
INFO: TLD skipped. URI: http://java.sun.com/jstl/sql is already defined
Mar 29, 2018 11:03:38 AM org.apache.catalina.startup.TaglibUriRule body
INFO: TLD skipped. URI: http://java.sun.com/jsp/jstl/sql is already defined
Mar 29, 2018 11:03:38 AM org.apache.catalina.startup.TaglibUriRule body
INFO: TLD skipped. URI: http://java.sun.com/jstl/xml_rt is already defined
Mar 29, 2018 11:03:38 AM org.apache.catalina.startup.TaglibUriRule body
INFO: TLD skipped. URI: http://java.sun.com/jstl/xml is already defined
Mar 29, 2018 11:03:38 AM org.apache.catalina.startup.TaglibUriRule body
INFO: TLD skipped. URI: http://java.sun.com/jsp/jstl/xml is already defined
Mar 29, 2018 11:03:41 AM org.apache.catalina.util.SessionIdGenerator createSecureRandom
INFO: Creation of SecureRandom instance for session ID generation using [SHA1PRNG] took [129] milliseconds.
Mar 29, 2018 11:03:41 AM org.apache.catalina.startup.HostConfig deployDescriptor
INFO: Deployment of configuration descriptor C:\Users\jason.zhenchi.ye\Desktop\YIJIANG\tomcat\conf\Catalina\localhost\webDemo.xml has finished in 5,496 ms
Mar 29, 2018 11:03:41 AM org.apache.catalina.startup.HostConfig deployDirectory
INFO: Deploying web application directory C:\Users\jason.zhenchi.ye\Desktop\YIJIANG\tomcat\webapps\ROOT
Mar 29, 2018 11:03:41 AM org.apache.catalina.startup.HostConfig deployDirectory
INFO: Deployment of web application directory C:\Users\jason.zhenchi.ye\Desktop\YIJIANG\tomcat\webapps\ROOT has finished in 73 ms
Mar 29, 2018 11:03:41 AM org.apache.coyote.AbstractProtocol start
INFO: Starting ProtocolHandler ["http-apr-8088"]
Mar 29, 2018 11:03:41 AM org.apache.coyote.AbstractProtocol start
INFO: Starting ProtocolHandler ["ajp-apr-8099"]
Mar 29, 2018 11:03:41 AM org.apache.catalina.startup.Catalina start
INFO: Server startup in 5622 ms
Mar 29, 2018 11:09:03 AM org.apache.jasper.compiler.TldLocationsCache tldScanJar
INFO: At least one JAR was scanned for TLDs yet contained no TLDs. Enable debug logging for this logger for a complete list of JARs that were scanned but no TLDs were found in them. Skipping unneeded JARs during scanning can improve startup time and JSP compilation time.
