Apr 23, 2018 9:33:40 AM org.apache.catalina.core.AprLifecycleListener init
INFO: Loaded APR based Apache Tomcat Native library 1.1.31 using APR version 1.4.8.
Apr 23, 2018 9:33:40 AM org.apache.catalina.core.AprLifecycleListener init
INFO: APR capabilities: IPv6 [true], sendfile [true], accept filters [false], random [true].
Apr 23, 2018 9:33:40 AM org.apache.catalina.core.AprLifecycleListener initializeSSL
INFO: OpenSSL successfully initialized (OpenSSL 1.0.1h 5 Jun 2014)
Apr 23, 2018 9:33:40 AM org.apache.coyote.AbstractProtocol init
INFO: Initializing ProtocolHandler ["http-apr-8088"]
Apr 23, 2018 9:33:40 AM org.apache.coyote.AbstractProtocol init
INFO: Initializing ProtocolHandler ["ajp-apr-8099"]
Apr 23, 2018 9:33:40 AM org.apache.catalina.startup.Catalina load
INFO: Initialization processed in 1283 ms
Apr 23, 2018 9:33:41 AM org.apache.catalina.users.MemoryUserDatabase open
SEVERE: The specified user database [C:\Users\jason.zhenchi.ye\Desktop\YIJIANG\tomcat\conf\tomcat-users.xml] could not be found
Apr 23, 2018 9:33:41 AM org.apache.catalina.core.StandardService startInternal
INFO: Starting service Catalina
Apr 23, 2018 9:33:41 AM org.apache.catalina.core.StandardEngine startInternal
INFO: Starting Servlet Engine: Apache Tomcat/7.0.56
Apr 23, 2018 9:33:41 AM org.apache.catalina.startup.HostConfig deployDescriptor
INFO: Deploying configuration descriptor C:\Users\jason.zhenchi.ye\Desktop\YIJIANG\tomcat\conf\Catalina\localhost\webDemo.xml
Apr 23, 2018 9:33:45 AM org.apache.catalina.startup.TaglibUriRule body
INFO: TLD skipped. URI: http://java.sun.com/jstl/core_rt is already defined
Apr 23, 2018 9:33:45 AM org.apache.catalina.startup.TaglibUriRule body
INFO: TLD skipped. URI: http://java.sun.com/jstl/core is already defined
Apr 23, 2018 9:33:45 AM org.apache.catalina.startup.TaglibUriRule body
INFO: TLD skipped. URI: http://java.sun.com/jsp/jstl/core is already defined
Apr 23, 2018 9:33:45 AM org.apache.catalina.startup.TaglibUriRule body
INFO: TLD skipped. URI: http://java.sun.com/jstl/fmt_rt is already defined
Apr 23, 2018 9:33:45 AM org.apache.catalina.startup.TaglibUriRule body
INFO: TLD skipped. URI: http://java.sun.com/jstl/fmt is already defined
Apr 23, 2018 9:33:45 AM org.apache.catalina.startup.TaglibUriRule body
INFO: TLD skipped. URI: http://java.sun.com/jsp/jstl/fmt is already defined
Apr 23, 2018 9:33:45 AM org.apache.catalina.startup.TaglibUriRule body
INFO: TLD skipped. URI: http://java.sun.com/jsp/jstl/functions is already defined
Apr 23, 2018 9:33:45 AM org.apache.catalina.startup.TaglibUriRule body
INFO: TLD skipped. URI: http://jakarta.apache.org/taglibs/standard/permittedTaglibs is already defined
Apr 23, 2018 9:33:45 AM org.apache.catalina.startup.TaglibUriRule body
INFO: TLD skipped. URI: http://jakarta.apache.org/taglibs/standard/scriptfree is already defined
Apr 23, 2018 9:33:45 AM org.apache.catalina.startup.TaglibUriRule body
INFO: TLD skipped. URI: http://java.sun.com/jstl/sql_rt is already defined
Apr 23, 2018 9:33:45 AM org.apache.catalina.startup.TaglibUriRule body
INFO: TLD skipped. URI: http://java.sun.com/jstl/sql is already defined
Apr 23, 2018 9:33:45 AM org.apache.catalina.startup.TaglibUriRule body
INFO: TLD skipped. URI: http://java.sun.com/jsp/jstl/sql is already defined
Apr 23, 2018 9:33:45 AM org.apache.catalina.startup.TaglibUriRule body
INFO: TLD skipped. URI: http://java.sun.com/jstl/xml_rt is already defined
Apr 23, 2018 9:33:45 AM org.apache.catalina.startup.TaglibUriRule body
INFO: TLD skipped. URI: http://java.sun.com/jstl/xml is already defined
Apr 23, 2018 9:33:45 AM org.apache.catalina.startup.TaglibUriRule body
INFO: TLD skipped. URI: http://java.sun.com/jsp/jstl/xml is already defined
Apr 23, 2018 9:33:48 AM org.apache.catalina.util.SessionIdGenerator createSecureRandom
INFO: Creation of SecureRandom instance for session ID generation using [SHA1PRNG] took [203] milliseconds.
Apr 23, 2018 9:33:48 AM org.apache.catalina.startup.HostConfig deployDescriptor
INFO: Deployment of configuration descriptor C:\Users\jason.zhenchi.ye\Desktop\YIJIANG\tomcat\conf\Catalina\localhost\webDemo.xml has finished in 7,298 ms
Apr 23, 2018 9:33:48 AM org.apache.catalina.startup.HostConfig deployDirectory
INFO: Deploying web application directory C:\Users\jason.zhenchi.ye\Desktop\YIJIANG\tomcat\webapps\ROOT
Apr 23, 2018 9:33:48 AM org.apache.catalina.startup.HostConfig deployDirectory
INFO: Deployment of web application directory C:\Users\jason.zhenchi.ye\Desktop\YIJIANG\tomcat\webapps\ROOT has finished in 78 ms
Apr 23, 2018 9:33:48 AM org.apache.coyote.AbstractProtocol start
INFO: Starting ProtocolHandler ["http-apr-8088"]
Apr 23, 2018 9:33:48 AM org.apache.coyote.AbstractProtocol start
INFO: Starting ProtocolHandler ["ajp-apr-8099"]
Apr 23, 2018 9:33:48 AM org.apache.catalina.startup.Catalina start
INFO: Server startup in 7443 ms
Apr 23, 2018 10:06:19 AM org.apache.jasper.compiler.TldLocationsCache tldScanJar
INFO: At least one JAR was scanned for TLDs yet contained no TLDs. Enable debug logging for this logger for a complete list of JARs that were scanned but no TLDs were found in them. Skipping unneeded JARs during scanning can improve startup time and JSP compilation time.
