三月 10, 2018 10:16:15 上午 org.apache.catalina.core.AprLifecycleListener init
信息: Loaded APR based Apache Tomcat Native library 1.1.31 using APR version 1.4.8.
三月 10, 2018 10:16:15 上午 org.apache.catalina.core.AprLifecycleListener init
信息: APR capabilities: IPv6 [true], sendfile [true], accept filters [false], random [true].
三月 10, 2018 10:16:16 上午 org.apache.catalina.core.AprLifecycleListener initializeSSL
信息: OpenSSL successfully initialized (OpenSSL 1.0.1h 5 Jun 2014)
三月 10, 2018 10:16:16 上午 org.apache.coyote.AbstractProtocol init
信息: Initializing ProtocolHandler ["http-apr-8088"]
三月 10, 2018 10:16:16 上午 org.apache.coyote.AbstractProtocol init
信息: Initializing ProtocolHandler ["ajp-apr-8009"]
三月 10, 2018 10:16:16 上午 org.apache.catalina.startup.Catalina load
信息: Initialization processed in 1367 ms
三月 10, 2018 10:16:16 上午 org.apache.catalina.users.MemoryUserDatabase open
严重: The specified user database [H:\myWorld\webCon\tomcat\conf\tomcat-users.xml] could not be found
三月 10, 2018 10:16:16 上午 org.apache.catalina.core.StandardService startInternal
信息: Starting service Catalina
三月 10, 2018 10:16:16 上午 org.apache.catalina.core.StandardEngine startInternal
信息: Starting Servlet Engine: Apache Tomcat/7.0.56
三月 10, 2018 10:16:16 上午 org.apache.catalina.startup.HostConfig deployDescriptor
信息: Deploying configuration descriptor H:\myWorld\webCon\tomcat\conf\Catalina\localhost\webDemo.xml
三月 10, 2018 10:16:19 上午 org.apache.catalina.startup.TaglibUriRule body
信息: TLD skipped. URI: http://java.sun.com/jstl/core_rt is already defined
三月 10, 2018 10:16:19 上午 org.apache.catalina.startup.TaglibUriRule body
信息: TLD skipped. URI: http://java.sun.com/jstl/core is already defined
三月 10, 2018 10:16:19 上午 org.apache.catalina.startup.TaglibUriRule body
信息: TLD skipped. URI: http://java.sun.com/jsp/jstl/core is already defined
三月 10, 2018 10:16:19 上午 org.apache.catalina.startup.TaglibUriRule body
信息: TLD skipped. URI: http://java.sun.com/jstl/fmt_rt is already defined
三月 10, 2018 10:16:19 上午 org.apache.catalina.startup.TaglibUriRule body
信息: TLD skipped. URI: http://java.sun.com/jstl/fmt is already defined
三月 10, 2018 10:16:19 上午 org.apache.catalina.startup.TaglibUriRule body
信息: TLD skipped. URI: http://java.sun.com/jsp/jstl/fmt is already defined
三月 10, 2018 10:16:19 上午 org.apache.catalina.startup.TaglibUriRule body
信息: TLD skipped. URI: http://java.sun.com/jsp/jstl/functions is already defined
三月 10, 2018 10:16:19 上午 org.apache.catalina.startup.TaglibUriRule body
信息: TLD skipped. URI: http://jakarta.apache.org/taglibs/standard/permittedTaglibs is already defined
三月 10, 2018 10:16:19 上午 org.apache.catalina.startup.TaglibUriRule body
信息: TLD skipped. URI: http://jakarta.apache.org/taglibs/standard/scriptfree is already defined
三月 10, 2018 10:16:19 上午 org.apache.catalina.startup.TaglibUriRule body
信息: TLD skipped. URI: http://java.sun.com/jstl/sql_rt is already defined
三月 10, 2018 10:16:19 上午 org.apache.catalina.startup.TaglibUriRule body
信息: TLD skipped. URI: http://java.sun.com/jstl/sql is already defined
三月 10, 2018 10:16:19 上午 org.apache.catalina.startup.TaglibUriRule body
信息: TLD skipped. URI: http://java.sun.com/jsp/jstl/sql is already defined
三月 10, 2018 10:16:19 上午 org.apache.catalina.startup.TaglibUriRule body
信息: TLD skipped. URI: http://java.sun.com/jstl/xml_rt is already defined
三月 10, 2018 10:16:19 上午 org.apache.catalina.startup.TaglibUriRule body
信息: TLD skipped. URI: http://java.sun.com/jstl/xml is already defined
三月 10, 2018 10:16:19 上午 org.apache.catalina.startup.TaglibUriRule body
信息: TLD skipped. URI: http://java.sun.com/jsp/jstl/xml is already defined
三月 10, 2018 10:16:21 上午 org.apache.catalina.util.SessionIdGenerator createSecureRandom
信息: Creation of SecureRandom instance for session ID generation using [SHA1PRNG] took [231] milliseconds.
三月 10, 2018 10:16:21 上午 org.apache.catalina.startup.HostConfig deployDescriptor
信息: Deployment of configuration descriptor H:\myWorld\webCon\tomcat\conf\Catalina\localhost\webDemo.xml has finished in 5,269 ms
三月 10, 2018 10:16:21 上午 org.apache.catalina.startup.HostConfig deployDirectory
信息: Deploying web application directory H:\myWorld\webCon\tomcat\webapps\ROOT
三月 10, 2018 10:16:21 上午 org.apache.catalina.startup.HostConfig deployDirectory
信息: Deployment of web application directory H:\myWorld\webCon\tomcat\webapps\ROOT has finished in 39 ms
三月 10, 2018 10:16:21 上午 org.apache.coyote.AbstractProtocol start
信息: Starting ProtocolHandler ["http-apr-8088"]
三月 10, 2018 10:16:21 上午 org.apache.coyote.AbstractProtocol start
信息: Starting ProtocolHandler ["ajp-apr-8009"]
三月 10, 2018 10:16:21 上午 org.apache.catalina.startup.Catalina start
信息: Server startup in 5363 ms
三月 10, 2018 10:16:33 上午 org.apache.coyote.AbstractProtocol pause
信息: Pausing ProtocolHandler ["http-apr-8088"]
三月 10, 2018 10:16:33 上午 org.apache.coyote.AbstractProtocol pause
信息: Pausing ProtocolHandler ["ajp-apr-8009"]
三月 10, 2018 10:16:33 上午 org.apache.catalina.core.StandardService stopInternal
信息: Stopping service Catalina
三月 10, 2018 10:16:33 上午 org.apache.coyote.AbstractProtocol stop
信息: Stopping ProtocolHandler ["http-apr-8088"]
三月 10, 2018 10:16:33 上午 org.apache.coyote.AbstractProtocol stop
信息: Stopping ProtocolHandler ["ajp-apr-8009"]
三月 10, 2018 10:16:33 上午 org.apache.coyote.AbstractProtocol destroy
信息: Destroying ProtocolHandler ["http-apr-8088"]
三月 10, 2018 10:16:33 上午 org.apache.coyote.AbstractProtocol destroy
信息: Destroying ProtocolHandler ["ajp-apr-8009"]
三月 10, 2018 10:17:01 上午 org.apache.catalina.core.AprLifecycleListener init
信息: Loaded APR based Apache Tomcat Native library 1.1.31 using APR version 1.4.8.
三月 10, 2018 10:17:01 上午 org.apache.catalina.core.AprLifecycleListener init
信息: APR capabilities: IPv6 [true], sendfile [true], accept filters [false], random [true].
三月 10, 2018 10:17:02 上午 org.apache.catalina.core.AprLifecycleListener initializeSSL
信息: OpenSSL successfully initialized (OpenSSL 1.0.1h 5 Jun 2014)
三月 10, 2018 10:17:02 上午 org.apache.catalina.core.AprLifecycleListener init
信息: Loaded APR based Apache Tomcat Native library 1.1.31 using APR version 1.4.8.
三月 10, 2018 10:17:02 上午 org.apache.catalina.core.AprLifecycleListener init
信息: APR capabilities: IPv6 [true], sendfile [true], accept filters [false], random [true].
三月 10, 2018 10:17:02 上午 org.apache.coyote.AbstractProtocol init
信息: Initializing ProtocolHandler ["http-apr-8088"]
三月 10, 2018 10:17:02 上午 org.apache.coyote.AbstractProtocol init
信息: Initializing ProtocolHandler ["ajp-apr-8009"]
三月 10, 2018 10:17:02 上午 org.apache.catalina.startup.Catalina load
信息: Initialization processed in 1290 ms
三月 10, 2018 10:17:02 上午 org.apache.catalina.users.MemoryUserDatabase open
严重: The specified user database [H:\myWorld\webCon\tomcat\conf\tomcat-users.xml] could not be found
三月 10, 2018 10:17:02 上午 org.apache.catalina.core.StandardService startInternal
信息: Starting service Catalina
三月 10, 2018 10:17:02 上午 org.apache.catalina.core.StandardEngine startInternal
信息: Starting Servlet Engine: Apache Tomcat/7.0.56
三月 10, 2018 10:17:02 上午 org.apache.catalina.startup.HostConfig deployDescriptor
信息: Deploying configuration descriptor H:\myWorld\webCon\tomcat\conf\Catalina\localhost\webDemo.xml
三月 10, 2018 10:17:03 上午 org.apache.catalina.core.AprLifecycleListener initializeSSL
信息: OpenSSL successfully initialized (OpenSSL 1.0.1h 5 Jun 2014)
三月 10, 2018 10:17:03 上午 org.apache.coyote.AbstractProtocol init
信息: Initializing ProtocolHandler ["http-apr-8088"]
三月 10, 2018 10:17:03 上午 org.apache.coyote.AbstractProtocol init
严重: Failed to initialize end point associated with ProtocolHandler ["http-apr-8088"]
java.lang.Exception: Socket bind failed: [730048] ?????????×???(Э?é/???????/???)????í??
	at org.apache.tomcat.util.net.AprEndpoint.bind(AprEndpoint.java:453)
	at org.apache.tomcat.util.net.AbstractEndpoint.init(AbstractEndpoint.java:646)
	at org.apache.coyote.AbstractProtocol.init(AbstractProtocol.java:434)
	at org.apache.catalina.connector.Connector.initInternal(Connector.java:978)
	at org.apache.catalina.util.LifecycleBase.init(LifecycleBase.java:102)
	at org.apache.catalina.core.StandardService.initInternal(StandardService.java:559)
	at org.apache.catalina.util.LifecycleBase.init(LifecycleBase.java:102)
	at org.apache.catalina.core.StandardServer.initInternal(StandardServer.java:821)
	at org.apache.catalina.util.LifecycleBase.init(LifecycleBase.java:102)
	at org.apache.catalina.startup.Catalina.load(Catalina.java:638)
	at org.apache.catalina.startup.Catalina.load(Catalina.java:663)
	at sun.reflect.NativeMethodAccessorImpl.invoke0(Native Method)
	at sun.reflect.NativeMethodAccessorImpl.invoke(NativeMethodAccessorImpl.java:57)
	at sun.reflect.DelegatingMethodAccessorImpl.invoke(DelegatingMethodAccessorImpl.java:43)
	at java.lang.reflect.Method.invoke(Method.java:606)
	at org.apache.catalina.startup.Bootstrap.load(Bootstrap.java:280)
	at org.apache.catalina.startup.Bootstrap.main(Bootstrap.java:454)

三月 10, 2018 10:17:03 上午 org.apache.catalina.core.StandardService initInternal
严重: Failed to initialize connector [Connector[HTTP/1.1-8088]]
org.apache.catalina.LifecycleException: Failed to initialize component [Connector[HTTP/1.1-8088]]
	at org.apache.catalina.util.LifecycleBase.init(LifecycleBase.java:106)
	at org.apache.catalina.core.StandardService.initInternal(StandardService.java:559)
	at org.apache.catalina.util.LifecycleBase.init(LifecycleBase.java:102)
	at org.apache.catalina.core.StandardServer.initInternal(StandardServer.java:821)
	at org.apache.catalina.util.LifecycleBase.init(LifecycleBase.java:102)
	at org.apache.catalina.startup.Catalina.load(Catalina.java:638)
	at org.apache.catalina.startup.Catalina.load(Catalina.java:663)
	at sun.reflect.NativeMethodAccessorImpl.invoke0(Native Method)
	at sun.reflect.NativeMethodAccessorImpl.invoke(NativeMethodAccessorImpl.java:57)
	at sun.reflect.DelegatingMethodAccessorImpl.invoke(DelegatingMethodAccessorImpl.java:43)
	at java.lang.reflect.Method.invoke(Method.java:606)
	at org.apache.catalina.startup.Bootstrap.load(Bootstrap.java:280)
	at org.apache.catalina.startup.Bootstrap.main(Bootstrap.java:454)
Caused by: org.apache.catalina.LifecycleException: Protocol handler initialization failed
	at org.apache.catalina.connector.Connector.initInternal(Connector.java:980)
	at org.apache.catalina.util.LifecycleBase.init(LifecycleBase.java:102)
	... 12 more
Caused by: java.lang.Exception: Socket bind failed: [730048] ?????????×???(Э?é/???????/???)????í??
	at org.apache.tomcat.util.net.AprEndpoint.bind(AprEndpoint.java:453)
	at org.apache.tomcat.util.net.AbstractEndpoint.init(AbstractEndpoint.java:646)
	at org.apache.coyote.AbstractProtocol.init(AbstractProtocol.java:434)
	at org.apache.catalina.connector.Connector.initInternal(Connector.java:978)
	... 13 more

三月 10, 2018 10:17:03 上午 org.apache.coyote.AbstractProtocol init
信息: Initializing ProtocolHandler ["ajp-apr-8009"]
三月 10, 2018 10:17:03 上午 org.apache.coyote.AbstractProtocol init
严重: Failed to initialize end point associated with ProtocolHandler ["ajp-apr-8009"]
java.lang.Exception: Socket bind failed: [730048] ?????????×???(Э?é/???????/???)????í??
	at org.apache.tomcat.util.net.AprEndpoint.bind(AprEndpoint.java:453)
	at org.apache.tomcat.util.net.AbstractEndpoint.init(AbstractEndpoint.java:646)
	at org.apache.coyote.AbstractProtocol.init(AbstractProtocol.java:434)
	at org.apache.catalina.connector.Connector.initInternal(Connector.java:978)
	at org.apache.catalina.util.LifecycleBase.init(LifecycleBase.java:102)
	at org.apache.catalina.core.StandardService.initInternal(StandardService.java:559)
	at org.apache.catalina.util.LifecycleBase.init(LifecycleBase.java:102)
	at org.apache.catalina.core.StandardServer.initInternal(StandardServer.java:821)
	at org.apache.catalina.util.LifecycleBase.init(LifecycleBase.java:102)
	at org.apache.catalina.startup.Catalina.load(Catalina.java:638)
	at org.apache.catalina.startup.Catalina.load(Catalina.java:663)
	at sun.reflect.NativeMethodAccessorImpl.invoke0(Native Method)
	at sun.reflect.NativeMethodAccessorImpl.invoke(NativeMethodAccessorImpl.java:57)
	at sun.reflect.DelegatingMethodAccessorImpl.invoke(DelegatingMethodAccessorImpl.java:43)
	at java.lang.reflect.Method.invoke(Method.java:606)
	at org.apache.catalina.startup.Bootstrap.load(Bootstrap.java:280)
	at org.apache.catalina.startup.Bootstrap.main(Bootstrap.java:454)

三月 10, 2018 10:17:03 上午 org.apache.catalina.core.StandardService initInternal
严重: Failed to initialize connector [Connector[AJP/1.3-8009]]
org.apache.catalina.LifecycleException: Failed to initialize component [Connector[AJP/1.3-8009]]
	at org.apache.catalina.util.LifecycleBase.init(LifecycleBase.java:106)
	at org.apache.catalina.core.StandardService.initInternal(StandardService.java:559)
	at org.apache.catalina.util.LifecycleBase.init(LifecycleBase.java:102)
	at org.apache.catalina.core.StandardServer.initInternal(StandardServer.java:821)
	at org.apache.catalina.util.LifecycleBase.init(LifecycleBase.java:102)
	at org.apache.catalina.startup.Catalina.load(Catalina.java:638)
	at org.apache.catalina.startup.Catalina.load(Catalina.java:663)
	at sun.reflect.NativeMethodAccessorImpl.invoke0(Native Method)
	at sun.reflect.NativeMethodAccessorImpl.invoke(NativeMethodAccessorImpl.java:57)
	at sun.reflect.DelegatingMethodAccessorImpl.invoke(DelegatingMethodAccessorImpl.java:43)
	at java.lang.reflect.Method.invoke(Method.java:606)
	at org.apache.catalina.startup.Bootstrap.load(Bootstrap.java:280)
	at org.apache.catalina.startup.Bootstrap.main(Bootstrap.java:454)
Caused by: org.apache.catalina.LifecycleException: Protocol handler initialization failed
	at org.apache.catalina.connector.Connector.initInternal(Connector.java:980)
	at org.apache.catalina.util.LifecycleBase.init(LifecycleBase.java:102)
	... 12 more
Caused by: java.lang.Exception: Socket bind failed: [730048] ?????????×???(Э?é/???????/???)????í??
	at org.apache.tomcat.util.net.AprEndpoint.bind(AprEndpoint.java:453)
	at org.apache.tomcat.util.net.AbstractEndpoint.init(AbstractEndpoint.java:646)
	at org.apache.coyote.AbstractProtocol.init(AbstractProtocol.java:434)
	at org.apache.catalina.connector.Connector.initInternal(Connector.java:978)
	... 13 more

三月 10, 2018 10:17:03 上午 org.apache.catalina.startup.Catalina load
信息: Initialization processed in 1326 ms
三月 10, 2018 10:17:03 上午 org.apache.catalina.users.MemoryUserDatabase open
严重: The specified user database [H:\myWorld\webCon\tomcat\conf\tomcat-users.xml] could not be found
三月 10, 2018 10:17:03 上午 org.apache.catalina.core.StandardService startInternal
信息: Starting service Catalina
三月 10, 2018 10:17:03 上午 org.apache.catalina.core.StandardEngine startInternal
信息: Starting Servlet Engine: Apache Tomcat/7.0.56
三月 10, 2018 10:17:03 上午 org.apache.catalina.startup.HostConfig deployDescriptor
信息: Deploying configuration descriptor H:\myWorld\webCon\tomcat\conf\Catalina\localhost\webDemo.xml
三月 10, 2018 10:17:05 上午 org.apache.catalina.startup.TaglibUriRule body
信息: TLD skipped. URI: http://java.sun.com/jstl/core_rt is already defined
三月 10, 2018 10:17:05 上午 org.apache.catalina.startup.TaglibUriRule body
信息: TLD skipped. URI: http://java.sun.com/jstl/core is already defined
三月 10, 2018 10:17:05 上午 org.apache.catalina.startup.TaglibUriRule body
信息: TLD skipped. URI: http://java.sun.com/jsp/jstl/core is already defined
三月 10, 2018 10:17:05 上午 org.apache.catalina.startup.TaglibUriRule body
信息: TLD skipped. URI: http://java.sun.com/jstl/fmt_rt is already defined
三月 10, 2018 10:17:05 上午 org.apache.catalina.startup.TaglibUriRule body
信息: TLD skipped. URI: http://java.sun.com/jstl/fmt is already defined
三月 10, 2018 10:17:05 上午 org.apache.catalina.startup.TaglibUriRule body
信息: TLD skipped. URI: http://java.sun.com/jsp/jstl/fmt is already defined
三月 10, 2018 10:17:05 上午 org.apache.catalina.startup.TaglibUriRule body
信息: TLD skipped. URI: http://java.sun.com/jsp/jstl/functions is already defined
三月 10, 2018 10:17:05 上午 org.apache.catalina.startup.TaglibUriRule body
信息: TLD skipped. URI: http://jakarta.apache.org/taglibs/standard/permittedTaglibs is already defined
三月 10, 2018 10:17:05 上午 org.apache.catalina.startup.TaglibUriRule body
信息: TLD skipped. URI: http://jakarta.apache.org/taglibs/standard/scriptfree is already defined
三月 10, 2018 10:17:05 上午 org.apache.catalina.startup.TaglibUriRule body
信息: TLD skipped. URI: http://java.sun.com/jstl/sql_rt is already defined
三月 10, 2018 10:17:05 上午 org.apache.catalina.startup.TaglibUriRule body
信息: TLD skipped. URI: http://java.sun.com/jstl/sql is already defined
三月 10, 2018 10:17:05 上午 org.apache.catalina.startup.TaglibUriRule body
信息: TLD skipped. URI: http://java.sun.com/jsp/jstl/sql is already defined
三月 10, 2018 10:17:05 上午 org.apache.catalina.startup.TaglibUriRule body
信息: TLD skipped. URI: http://java.sun.com/jstl/xml_rt is already defined
三月 10, 2018 10:17:05 上午 org.apache.catalina.startup.TaglibUriRule body
信息: TLD skipped. URI: http://java.sun.com/jstl/xml is already defined
三月 10, 2018 10:17:05 上午 org.apache.catalina.startup.TaglibUriRule body
信息: TLD skipped. URI: http://java.sun.com/jsp/jstl/xml is already defined
三月 10, 2018 10:17:07 上午 org.apache.catalina.util.SessionIdGenerator createSecureRandom
信息: Creation of SecureRandom instance for session ID generation using [SHA1PRNG] took [233] milliseconds.
三月 10, 2018 10:17:08 上午 org.apache.catalina.startup.HostConfig deployDescriptor
信息: Deployment of configuration descriptor H:\myWorld\webCon\tomcat\conf\Catalina\localhost\webDemo.xml has finished in 5,572 ms
三月 10, 2018 10:17:08 上午 org.apache.catalina.startup.HostConfig deployDirectory
信息: Deploying web application directory H:\myWorld\webCon\tomcat\webapps\ROOT
三月 10, 2018 10:17:08 上午 org.apache.catalina.startup.HostConfig deployDirectory
信息: Deployment of web application directory H:\myWorld\webCon\tomcat\webapps\ROOT has finished in 41 ms
三月 10, 2018 10:17:08 上午 org.apache.coyote.AbstractProtocol start
信息: Starting ProtocolHandler ["http-apr-8088"]
三月 10, 2018 10:17:08 上午 org.apache.coyote.AbstractProtocol start
信息: Starting ProtocolHandler ["ajp-apr-8009"]
三月 10, 2018 10:17:08 上午 org.apache.catalina.startup.Catalina start
信息: Server startup in 5670 ms
三月 10, 2018 10:17:16 上午 org.apache.coyote.AbstractProtocol pause
信息: Pausing ProtocolHandler ["http-apr-8088"]
三月 10, 2018 10:17:16 上午 org.apache.coyote.AbstractProtocol pause
信息: Pausing ProtocolHandler ["ajp-apr-8009"]
三月 10, 2018 10:17:16 上午 org.apache.catalina.core.StandardService stopInternal
信息: Stopping service Catalina
三月 10, 2018 10:17:16 上午 org.apache.coyote.AbstractProtocol stop
信息: Stopping ProtocolHandler ["http-apr-8088"]
三月 10, 2018 10:17:16 上午 org.apache.coyote.AbstractProtocol stop
信息: Stopping ProtocolHandler ["ajp-apr-8009"]
三月 10, 2018 10:17:16 上午 org.apache.coyote.AbstractProtocol destroy
信息: Destroying ProtocolHandler ["http-apr-8088"]
三月 10, 2018 10:17:16 上午 org.apache.coyote.AbstractProtocol destroy
信息: Destroying ProtocolHandler ["ajp-apr-8009"]
Mar 10, 2018 10:20:32 AM org.apache.catalina.core.AprLifecycleListener init
INFO: Loaded APR based Apache Tomcat Native library 1.1.31 using APR version 1.4.8.
Mar 10, 2018 10:20:32 AM org.apache.catalina.core.AprLifecycleListener init
INFO: APR capabilities: IPv6 [true], sendfile [true], accept filters [false], random [true].
Mar 10, 2018 10:20:32 AM org.apache.catalina.core.AprLifecycleListener initializeSSL
INFO: OpenSSL successfully initialized (OpenSSL 1.0.1h 5 Jun 2014)
Mar 10, 2018 10:20:33 AM org.apache.coyote.AbstractProtocol init
INFO: Initializing ProtocolHandler ["http-apr-8088"]
Mar 10, 2018 10:20:33 AM org.apache.coyote.AbstractProtocol init
INFO: Initializing ProtocolHandler ["ajp-apr-8009"]
Mar 10, 2018 10:20:33 AM org.apache.catalina.startup.Catalina load
INFO: Initialization processed in 2911 ms
Mar 10, 2018 10:20:33 AM org.apache.catalina.users.MemoryUserDatabase open
SEVERE: The specified user database [C:\Users\jason.zhenchi.ye\Desktop\YIJIANG\YI JIANG\tomcat\conf\tomcat-users.xml] could not be found
Mar 10, 2018 10:20:33 AM org.apache.catalina.core.StandardService startInternal
INFO: Starting service Catalina
Mar 10, 2018 10:20:33 AM org.apache.catalina.core.StandardEngine startInternal
INFO: Starting Servlet Engine: Apache Tomcat/7.0.56
Mar 10, 2018 10:20:33 AM org.apache.catalina.startup.HostConfig deployDescriptor
INFO: Deploying configuration descriptor C:\Users\jason.zhenchi.ye\Desktop\YIJIANG\YI JIANG\tomcat\conf\Catalina\localhost\webDemo.xml
Mar 10, 2018 10:20:33 AM org.apache.catalina.core.StandardContext resourcesStart
SEVERE: Error starting static Resources
java.lang.IllegalArgumentException: Document base H:\myWorld\workSpace\Neu-training-Photo\webapp does not exist or is not a readable directory
	at org.apache.naming.resources.FileDirContext.setDocBase(FileDirContext.java:136)
	at org.apache.catalina.core.StandardContext.resourcesStart(StandardContext.java:5110)
	at org.apache.catalina.core.StandardContext.startInternal(StandardContext.java:5294)
	at org.apache.catalina.util.LifecycleBase.start(LifecycleBase.java:150)
	at org.apache.catalina.core.ContainerBase.addChildInternal(ContainerBase.java:901)
	at org.apache.catalina.core.ContainerBase.addChild(ContainerBase.java:877)
	at org.apache.catalina.core.StandardHost.addChild(StandardHost.java:649)
	at org.apache.catalina.startup.HostConfig.deployDescriptor(HostConfig.java:672)
	at org.apache.catalina.startup.HostConfig$DeployDescriptor.run(HostConfig.java:1861)
	at java.util.concurrent.Executors$RunnableAdapter.call(Executors.java:471)
	at java.util.concurrent.FutureTask.run(FutureTask.java:262)
	at java.util.concurrent.ThreadPoolExecutor.runWorker(ThreadPoolExecutor.java:1145)
	at java.util.concurrent.ThreadPoolExecutor$Worker.run(ThreadPoolExecutor.java:615)
	at java.lang.Thread.run(Thread.java:745)

Mar 10, 2018 10:20:33 AM org.apache.catalina.core.ContainerBase addChildInternal
SEVERE: ContainerBase.addChild: start: 
org.apache.catalina.LifecycleException: Failed to start component [StandardEngine[Catalina].StandardHost[localhost].StandardContext[/webDemo]]
	at org.apache.catalina.util.LifecycleBase.start(LifecycleBase.java:154)
	at org.apache.catalina.core.ContainerBase.addChildInternal(ContainerBase.java:901)
	at org.apache.catalina.core.ContainerBase.addChild(ContainerBase.java:877)
	at org.apache.catalina.core.StandardHost.addChild(StandardHost.java:649)
	at org.apache.catalina.startup.HostConfig.deployDescriptor(HostConfig.java:672)
	at org.apache.catalina.startup.HostConfig$DeployDescriptor.run(HostConfig.java:1861)
	at java.util.concurrent.Executors$RunnableAdapter.call(Executors.java:471)
	at java.util.concurrent.FutureTask.run(FutureTask.java:262)
	at java.util.concurrent.ThreadPoolExecutor.runWorker(ThreadPoolExecutor.java:1145)
	at java.util.concurrent.ThreadPoolExecutor$Worker.run(ThreadPoolExecutor.java:615)
	at java.lang.Thread.run(Thread.java:745)
Caused by: org.apache.catalina.LifecycleException: Error in resourceStart()
	at org.apache.catalina.core.StandardContext.startInternal(StandardContext.java:5295)
	at org.apache.catalina.util.LifecycleBase.start(LifecycleBase.java:150)
	... 10 more

Mar 10, 2018 10:20:33 AM org.apache.catalina.startup.HostConfig deployDescriptor
SEVERE: Error deploying configuration descriptor C:\Users\jason.zhenchi.ye\Desktop\YIJIANG\YI JIANG\tomcat\conf\Catalina\localhost\webDemo.xml
java.lang.IllegalStateException: ContainerBase.addChild: start: org.apache.catalina.LifecycleException: Failed to start component [StandardEngine[Catalina].StandardHost[localhost].StandardContext[/webDemo]]
	at org.apache.catalina.core.ContainerBase.addChildInternal(ContainerBase.java:904)
	at org.apache.catalina.core.ContainerBase.addChild(ContainerBase.java:877)
	at org.apache.catalina.core.StandardHost.addChild(StandardHost.java:649)
	at org.apache.catalina.startup.HostConfig.deployDescriptor(HostConfig.java:672)
	at org.apache.catalina.startup.HostConfig$DeployDescriptor.run(HostConfig.java:1861)
	at java.util.concurrent.Executors$RunnableAdapter.call(Executors.java:471)
	at java.util.concurrent.FutureTask.run(FutureTask.java:262)
	at java.util.concurrent.ThreadPoolExecutor.runWorker(ThreadPoolExecutor.java:1145)
	at java.util.concurrent.ThreadPoolExecutor$Worker.run(ThreadPoolExecutor.java:615)
	at java.lang.Thread.run(Thread.java:745)

Mar 10, 2018 10:20:33 AM org.apache.catalina.startup.HostConfig deployDescriptor
INFO: Deployment of configuration descriptor C:\Users\jason.zhenchi.ye\Desktop\YIJIANG\YI JIANG\tomcat\conf\Catalina\localhost\webDemo.xml has finished in 149 ms
Mar 10, 2018 10:20:33 AM org.apache.catalina.startup.HostConfig deployDirectory
INFO: Deploying web application directory C:\Users\jason.zhenchi.ye\Desktop\YIJIANG\YI JIANG\tomcat\webapps\ROOT
Mar 10, 2018 10:20:33 AM org.apache.catalina.util.SessionIdGenerator createSecureRandom
INFO: Creation of SecureRandom instance for session ID generation using [SHA1PRNG] took [112] milliseconds.
Mar 10, 2018 10:20:33 AM org.apache.catalina.startup.HostConfig deployDirectory
INFO: Deployment of web application directory C:\Users\jason.zhenchi.ye\Desktop\YIJIANG\YI JIANG\tomcat\webapps\ROOT has finished in 488 ms
Mar 10, 2018 10:20:33 AM org.apache.coyote.AbstractProtocol start
INFO: Starting ProtocolHandler ["http-apr-8088"]
Mar 10, 2018 10:20:33 AM org.apache.coyote.AbstractProtocol start
INFO: Starting ProtocolHandler ["ajp-apr-8009"]
Mar 10, 2018 10:20:33 AM org.apache.catalina.startup.Catalina start
INFO: Server startup in 711 ms
Mar 10, 2018 10:20:58 AM org.apache.catalina.core.AprLifecycleListener init
INFO: Loaded APR based Apache Tomcat Native library 1.1.31 using APR version 1.4.8.
Mar 10, 2018 10:20:58 AM org.apache.catalina.core.AprLifecycleListener init
INFO: APR capabilities: IPv6 [true], sendfile [true], accept filters [false], random [true].
Mar 10, 2018 10:20:58 AM org.apache.catalina.core.AprLifecycleListener initializeSSL
INFO: OpenSSL successfully initialized (OpenSSL 1.0.1h 5 Jun 2014)
Mar 10, 2018 10:20:59 AM org.apache.coyote.AbstractProtocol init
INFO: Initializing ProtocolHandler ["http-apr-8088"]
Mar 10, 2018 10:20:59 AM org.apache.coyote.AbstractProtocol init
INFO: Initializing ProtocolHandler ["ajp-apr-8009"]
Mar 10, 2018 10:20:59 AM org.apache.catalina.startup.Catalina load
INFO: Initialization processed in 1115 ms
Mar 10, 2018 10:20:59 AM org.apache.catalina.users.MemoryUserDatabase open
SEVERE: The specified user database [C:\Users\jason.zhenchi.ye\Desktop\YIJIANG\YI JIANG\tomcat\conf\tomcat-users.xml] could not be found
Mar 10, 2018 10:20:59 AM org.apache.catalina.core.StandardService startInternal
INFO: Starting service Catalina
Mar 10, 2018 10:20:59 AM org.apache.catalina.core.StandardEngine startInternal
INFO: Starting Servlet Engine: Apache Tomcat/7.0.56
Mar 10, 2018 10:20:59 AM org.apache.catalina.startup.HostConfig deployDescriptor
INFO: Deploying configuration descriptor C:\Users\jason.zhenchi.ye\Desktop\YIJIANG\YI JIANG\tomcat\conf\Catalina\localhost\webDemo.xml
Mar 10, 2018 10:20:59 AM org.apache.catalina.core.StandardContext resourcesStart
SEVERE: Error starting static Resources
java.lang.IllegalArgumentException: Document base H:\myWorld\workSpace\Neu-training-Photo\webapp does not exist or is not a readable directory
	at org.apache.naming.resources.FileDirContext.setDocBase(FileDirContext.java:136)
	at org.apache.catalina.core.StandardContext.resourcesStart(StandardContext.java:5110)
	at org.apache.catalina.core.StandardContext.startInternal(StandardContext.java:5294)
	at org.apache.catalina.util.LifecycleBase.start(LifecycleBase.java:150)
	at org.apache.catalina.core.ContainerBase.addChildInternal(ContainerBase.java:901)
	at org.apache.catalina.core.ContainerBase.addChild(ContainerBase.java:877)
	at org.apache.catalina.core.StandardHost.addChild(StandardHost.java:649)
	at org.apache.catalina.startup.HostConfig.deployDescriptor(HostConfig.java:672)
	at org.apache.catalina.startup.HostConfig$DeployDescriptor.run(HostConfig.java:1861)
	at java.util.concurrent.Executors$RunnableAdapter.call(Executors.java:471)
	at java.util.concurrent.FutureTask.run(FutureTask.java:262)
	at java.util.concurrent.ThreadPoolExecutor.runWorker(ThreadPoolExecutor.java:1145)
	at java.util.concurrent.ThreadPoolExecutor$Worker.run(ThreadPoolExecutor.java:615)
	at java.lang.Thread.run(Thread.java:745)

Mar 10, 2018 10:20:59 AM org.apache.catalina.core.ContainerBase addChildInternal
SEVERE: ContainerBase.addChild: start: 
org.apache.catalina.LifecycleException: Failed to start component [StandardEngine[Catalina].StandardHost[localhost].StandardContext[/webDemo]]
	at org.apache.catalina.util.LifecycleBase.start(LifecycleBase.java:154)
	at org.apache.catalina.core.ContainerBase.addChildInternal(ContainerBase.java:901)
	at org.apache.catalina.core.ContainerBase.addChild(ContainerBase.java:877)
	at org.apache.catalina.core.StandardHost.addChild(StandardHost.java:649)
	at org.apache.catalina.startup.HostConfig.deployDescriptor(HostConfig.java:672)
	at org.apache.catalina.startup.HostConfig$DeployDescriptor.run(HostConfig.java:1861)
	at java.util.concurrent.Executors$RunnableAdapter.call(Executors.java:471)
	at java.util.concurrent.FutureTask.run(FutureTask.java:262)
	at java.util.concurrent.ThreadPoolExecutor.runWorker(ThreadPoolExecutor.java:1145)
	at java.util.concurrent.ThreadPoolExecutor$Worker.run(ThreadPoolExecutor.java:615)
	at java.lang.Thread.run(Thread.java:745)
Caused by: org.apache.catalina.LifecycleException: Error in resourceStart()
	at org.apache.catalina.core.StandardContext.startInternal(StandardContext.java:5295)
	at org.apache.catalina.util.LifecycleBase.start(LifecycleBase.java:150)
	... 10 more

Mar 10, 2018 10:20:59 AM org.apache.catalina.startup.HostConfig deployDescriptor
SEVERE: Error deploying configuration descriptor C:\Users\jason.zhenchi.ye\Desktop\YIJIANG\YI JIANG\tomcat\conf\Catalina\localhost\webDemo.xml
java.lang.IllegalStateException: ContainerBase.addChild: start: org.apache.catalina.LifecycleException: Failed to start component [StandardEngine[Catalina].StandardHost[localhost].StandardContext[/webDemo]]
	at org.apache.catalina.core.ContainerBase.addChildInternal(ContainerBase.java:904)
	at org.apache.catalina.core.ContainerBase.addChild(ContainerBase.java:877)
	at org.apache.catalina.core.StandardHost.addChild(StandardHost.java:649)
	at org.apache.catalina.startup.HostConfig.deployDescriptor(HostConfig.java:672)
	at org.apache.catalina.startup.HostConfig$DeployDescriptor.run(HostConfig.java:1861)
	at java.util.concurrent.Executors$RunnableAdapter.call(Executors.java:471)
	at java.util.concurrent.FutureTask.run(FutureTask.java:262)
	at java.util.concurrent.ThreadPoolExecutor.runWorker(ThreadPoolExecutor.java:1145)
	at java.util.concurrent.ThreadPoolExecutor$Worker.run(ThreadPoolExecutor.java:615)
	at java.lang.Thread.run(Thread.java:745)

Mar 10, 2018 10:20:59 AM org.apache.catalina.startup.HostConfig deployDescriptor
INFO: Deployment of configuration descriptor C:\Users\jason.zhenchi.ye\Desktop\YIJIANG\YI JIANG\tomcat\conf\Catalina\localhost\webDemo.xml has finished in 118 ms
Mar 10, 2018 10:20:59 AM org.apache.catalina.startup.HostConfig deployDirectory
INFO: Deploying web application directory C:\Users\jason.zhenchi.ye\Desktop\YIJIANG\YI JIANG\tomcat\webapps\ROOT
Mar 10, 2018 10:20:59 AM org.apache.catalina.util.SessionIdGenerator createSecureRandom
INFO: Creation of SecureRandom instance for session ID generation using [SHA1PRNG] took [105] milliseconds.
Mar 10, 2018 10:20:59 AM org.apache.catalina.startup.HostConfig deployDirectory
INFO: Deployment of web application directory C:\Users\jason.zhenchi.ye\Desktop\YIJIANG\YI JIANG\tomcat\webapps\ROOT has finished in 398 ms
Mar 10, 2018 10:20:59 AM org.apache.coyote.AbstractProtocol start
INFO: Starting ProtocolHandler ["http-apr-8088"]
Mar 10, 2018 10:20:59 AM org.apache.coyote.AbstractProtocol start
INFO: Starting ProtocolHandler ["ajp-apr-8009"]
Mar 10, 2018 10:20:59 AM org.apache.catalina.startup.Catalina start
INFO: Server startup in 570 ms
Mar 10, 2018 10:21:50 AM org.apache.catalina.core.AprLifecycleListener init
INFO: Loaded APR based Apache Tomcat Native library 1.1.31 using APR version 1.4.8.
Mar 10, 2018 10:21:50 AM org.apache.catalina.core.AprLifecycleListener init
INFO: APR capabilities: IPv6 [true], sendfile [true], accept filters [false], random [true].
Mar 10, 2018 10:21:51 AM org.apache.catalina.core.AprLifecycleListener initializeSSL
INFO: OpenSSL successfully initialized (OpenSSL 1.0.1h 5 Jun 2014)
Mar 10, 2018 10:21:51 AM org.apache.coyote.AbstractProtocol init
INFO: Initializing ProtocolHandler ["http-apr-8088"]
Mar 10, 2018 10:21:51 AM org.apache.coyote.AbstractProtocol init
INFO: Initializing ProtocolHandler ["ajp-apr-8009"]
Mar 10, 2018 10:21:51 AM org.apache.catalina.startup.Catalina load
INFO: Initialization processed in 1021 ms
Mar 10, 2018 10:21:51 AM org.apache.catalina.users.MemoryUserDatabase open
SEVERE: The specified user database [C:\Users\jason.zhenchi.ye\Desktop\YIJIANG\YI JIANG\tomcat\conf\tomcat-users.xml] could not be found
Mar 10, 2018 10:21:51 AM org.apache.catalina.core.StandardService startInternal
INFO: Starting service Catalina
Mar 10, 2018 10:21:51 AM org.apache.catalina.core.StandardEngine startInternal
INFO: Starting Servlet Engine: Apache Tomcat/7.0.56
Mar 10, 2018 10:21:51 AM org.apache.catalina.startup.HostConfig deployDescriptor
INFO: Deploying configuration descriptor C:\Users\jason.zhenchi.ye\Desktop\YIJIANG\YI JIANG\tomcat\conf\Catalina\localhost\webDemo.xml
Mar 10, 2018 10:21:51 AM org.apache.catalina.core.StandardContext resourcesStart
SEVERE: Error starting static Resources
java.lang.IllegalArgumentException: Document base H:\myWorld\workSpace\Neu-training-Photo\webapp does not exist or is not a readable directory
	at org.apache.naming.resources.FileDirContext.setDocBase(FileDirContext.java:136)
	at org.apache.catalina.core.StandardContext.resourcesStart(StandardContext.java:5110)
	at org.apache.catalina.core.StandardContext.startInternal(StandardContext.java:5294)
	at org.apache.catalina.util.LifecycleBase.start(LifecycleBase.java:150)
	at org.apache.catalina.core.ContainerBase.addChildInternal(ContainerBase.java:901)
	at org.apache.catalina.core.ContainerBase.addChild(ContainerBase.java:877)
	at org.apache.catalina.core.StandardHost.addChild(StandardHost.java:649)
	at org.apache.catalina.startup.HostConfig.deployDescriptor(HostConfig.java:672)
	at org.apache.catalina.startup.HostConfig$DeployDescriptor.run(HostConfig.java:1861)
	at java.util.concurrent.Executors$RunnableAdapter.call(Executors.java:471)
	at java.util.concurrent.FutureTask.run(FutureTask.java:262)
	at java.util.concurrent.ThreadPoolExecutor.runWorker(ThreadPoolExecutor.java:1145)
	at java.util.concurrent.ThreadPoolExecutor$Worker.run(ThreadPoolExecutor.java:615)
	at java.lang.Thread.run(Thread.java:745)

Mar 10, 2018 10:21:51 AM org.apache.catalina.core.ContainerBase addChildInternal
SEVERE: ContainerBase.addChild: start: 
org.apache.catalina.LifecycleException: Failed to start component [StandardEngine[Catalina].StandardHost[localhost].StandardContext[/webDemo]]
	at org.apache.catalina.util.LifecycleBase.start(LifecycleBase.java:154)
	at org.apache.catalina.core.ContainerBase.addChildInternal(ContainerBase.java:901)
	at org.apache.catalina.core.ContainerBase.addChild(ContainerBase.java:877)
	at org.apache.catalina.core.StandardHost.addChild(StandardHost.java:649)
	at org.apache.catalina.startup.HostConfig.deployDescriptor(HostConfig.java:672)
	at org.apache.catalina.startup.HostConfig$DeployDescriptor.run(HostConfig.java:1861)
	at java.util.concurrent.Executors$RunnableAdapter.call(Executors.java:471)
	at java.util.concurrent.FutureTask.run(FutureTask.java:262)
	at java.util.concurrent.ThreadPoolExecutor.runWorker(ThreadPoolExecutor.java:1145)
	at java.util.concurrent.ThreadPoolExecutor$Worker.run(ThreadPoolExecutor.java:615)
	at java.lang.Thread.run(Thread.java:745)
Caused by: org.apache.catalina.LifecycleException: Error in resourceStart()
	at org.apache.catalina.core.StandardContext.startInternal(StandardContext.java:5295)
	at org.apache.catalina.util.LifecycleBase.start(LifecycleBase.java:150)
	... 10 more

Mar 10, 2018 10:21:51 AM org.apache.catalina.startup.HostConfig deployDescriptor
SEVERE: Error deploying configuration descriptor C:\Users\jason.zhenchi.ye\Desktop\YIJIANG\YI JIANG\tomcat\conf\Catalina\localhost\webDemo.xml
java.lang.IllegalStateException: ContainerBase.addChild: start: org.apache.catalina.LifecycleException: Failed to start component [StandardEngine[Catalina].StandardHost[localhost].StandardContext[/webDemo]]
	at org.apache.catalina.core.ContainerBase.addChildInternal(ContainerBase.java:904)
	at org.apache.catalina.core.ContainerBase.addChild(ContainerBase.java:877)
	at org.apache.catalina.core.StandardHost.addChild(StandardHost.java:649)
	at org.apache.catalina.startup.HostConfig.deployDescriptor(HostConfig.java:672)
	at org.apache.catalina.startup.HostConfig$DeployDescriptor.run(HostConfig.java:1861)
	at java.util.concurrent.Executors$RunnableAdapter.call(Executors.java:471)
	at java.util.concurrent.FutureTask.run(FutureTask.java:262)
	at java.util.concurrent.ThreadPoolExecutor.runWorker(ThreadPoolExecutor.java:1145)
	at java.util.concurrent.ThreadPoolExecutor$Worker.run(ThreadPoolExecutor.java:615)
	at java.lang.Thread.run(Thread.java:745)

Mar 10, 2018 10:21:51 AM org.apache.catalina.startup.HostConfig deployDescriptor
INFO: Deployment of configuration descriptor C:\Users\jason.zhenchi.ye\Desktop\YIJIANG\YI JIANG\tomcat\conf\Catalina\localhost\webDemo.xml has finished in 113 ms
Mar 10, 2018 10:21:51 AM org.apache.catalina.startup.HostConfig deployDirectory
INFO: Deploying web application directory C:\Users\jason.zhenchi.ye\Desktop\YIJIANG\YI JIANG\tomcat\webapps\ROOT
Mar 10, 2018 10:21:51 AM org.apache.catalina.startup.HostConfig deployDirectory
INFO: Deployment of web application directory C:\Users\jason.zhenchi.ye\Desktop\YIJIANG\YI JIANG\tomcat\webapps\ROOT has finished in 348 ms
Mar 10, 2018 10:21:51 AM org.apache.coyote.AbstractProtocol start
INFO: Starting ProtocolHandler ["http-apr-8088"]
Mar 10, 2018 10:21:51 AM org.apache.coyote.AbstractProtocol start
INFO: Starting ProtocolHandler ["ajp-apr-8009"]
Mar 10, 2018 10:21:51 AM org.apache.catalina.startup.Catalina start
INFO: Server startup in 540 ms
Mar 10, 2018 10:25:02 AM org.apache.catalina.core.AprLifecycleListener init
INFO: Loaded APR based Apache Tomcat Native library 1.1.31 using APR version 1.4.8.
Mar 10, 2018 10:25:02 AM org.apache.catalina.core.AprLifecycleListener init
INFO: APR capabilities: IPv6 [true], sendfile [true], accept filters [false], random [true].
Mar 10, 2018 10:25:02 AM org.apache.catalina.core.AprLifecycleListener initializeSSL
INFO: OpenSSL successfully initialized (OpenSSL 1.0.1h 5 Jun 2014)
Mar 10, 2018 10:25:02 AM org.apache.coyote.AbstractProtocol init
INFO: Initializing ProtocolHandler ["http-apr-8088"]
Mar 10, 2018 10:25:02 AM org.apache.coyote.AbstractProtocol init
INFO: Initializing ProtocolHandler ["ajp-apr-8009"]
Mar 10, 2018 10:25:02 AM org.apache.catalina.startup.Catalina load
INFO: Initialization processed in 1051 ms
Mar 10, 2018 10:25:02 AM org.apache.catalina.users.MemoryUserDatabase open
SEVERE: The specified user database [C:\Users\jason.zhenchi.ye\Desktop\YIJIANG\tomcat\conf\tomcat-users.xml] could not be found
Mar 10, 2018 10:25:02 AM org.apache.catalina.core.StandardService startInternal
INFO: Starting service Catalina
Mar 10, 2018 10:25:02 AM org.apache.catalina.core.StandardEngine startInternal
INFO: Starting Servlet Engine: Apache Tomcat/7.0.56
Mar 10, 2018 10:25:02 AM org.apache.catalina.startup.HostConfig deployDescriptor
INFO: Deploying configuration descriptor C:\Users\jason.zhenchi.ye\Desktop\YIJIANG\tomcat\conf\Catalina\localhost\webDemo.xml
Mar 10, 2018 10:25:03 AM org.apache.catalina.core.StandardContext resourcesStart
SEVERE: Error starting static Resources
java.lang.IllegalArgumentException: Document base H:\myWorld\workSpace\Neu-training-Photo\webapp does not exist or is not a readable directory
	at org.apache.naming.resources.FileDirContext.setDocBase(FileDirContext.java:136)
	at org.apache.catalina.core.StandardContext.resourcesStart(StandardContext.java:5110)
	at org.apache.catalina.core.StandardContext.startInternal(StandardContext.java:5294)
	at org.apache.catalina.util.LifecycleBase.start(LifecycleBase.java:150)
	at org.apache.catalina.core.ContainerBase.addChildInternal(ContainerBase.java:901)
	at org.apache.catalina.core.ContainerBase.addChild(ContainerBase.java:877)
	at org.apache.catalina.core.StandardHost.addChild(StandardHost.java:649)
	at org.apache.catalina.startup.HostConfig.deployDescriptor(HostConfig.java:672)
	at org.apache.catalina.startup.HostConfig$DeployDescriptor.run(HostConfig.java:1861)
	at java.util.concurrent.Executors$RunnableAdapter.call(Executors.java:471)
	at java.util.concurrent.FutureTask.run(FutureTask.java:262)
	at java.util.concurrent.ThreadPoolExecutor.runWorker(ThreadPoolExecutor.java:1145)
	at java.util.concurrent.ThreadPoolExecutor$Worker.run(ThreadPoolExecutor.java:615)
	at java.lang.Thread.run(Thread.java:745)

Mar 10, 2018 10:25:03 AM org.apache.catalina.core.ContainerBase addChildInternal
SEVERE: ContainerBase.addChild: start: 
org.apache.catalina.LifecycleException: Failed to start component [StandardEngine[Catalina].StandardHost[localhost].StandardContext[/webDemo]]
	at org.apache.catalina.util.LifecycleBase.start(LifecycleBase.java:154)
	at org.apache.catalina.core.ContainerBase.addChildInternal(ContainerBase.java:901)
	at org.apache.catalina.core.ContainerBase.addChild(ContainerBase.java:877)
	at org.apache.catalina.core.StandardHost.addChild(StandardHost.java:649)
	at org.apache.catalina.startup.HostConfig.deployDescriptor(HostConfig.java:672)
	at org.apache.catalina.startup.HostConfig$DeployDescriptor.run(HostConfig.java:1861)
	at java.util.concurrent.Executors$RunnableAdapter.call(Executors.java:471)
	at java.util.concurrent.FutureTask.run(FutureTask.java:262)
	at java.util.concurrent.ThreadPoolExecutor.runWorker(ThreadPoolExecutor.java:1145)
	at java.util.concurrent.ThreadPoolExecutor$Worker.run(ThreadPoolExecutor.java:615)
	at java.lang.Thread.run(Thread.java:745)
Caused by: org.apache.catalina.LifecycleException: Error in resourceStart()
	at org.apache.catalina.core.StandardContext.startInternal(StandardContext.java:5295)
	at org.apache.catalina.util.LifecycleBase.start(LifecycleBase.java:150)
	... 10 more

Mar 10, 2018 10:25:03 AM org.apache.catalina.startup.HostConfig deployDescriptor
SEVERE: Error deploying configuration descriptor C:\Users\jason.zhenchi.ye\Desktop\YIJIANG\tomcat\conf\Catalina\localhost\webDemo.xml
java.lang.IllegalStateException: ContainerBase.addChild: start: org.apache.catalina.LifecycleException: Failed to start component [StandardEngine[Catalina].StandardHost[localhost].StandardContext[/webDemo]]
	at org.apache.catalina.core.ContainerBase.addChildInternal(ContainerBase.java:904)
	at org.apache.catalina.core.ContainerBase.addChild(ContainerBase.java:877)
	at org.apache.catalina.core.StandardHost.addChild(StandardHost.java:649)
	at org.apache.catalina.startup.HostConfig.deployDescriptor(HostConfig.java:672)
	at org.apache.catalina.startup.HostConfig$DeployDescriptor.run(HostConfig.java:1861)
	at java.util.concurrent.Executors$RunnableAdapter.call(Executors.java:471)
	at java.util.concurrent.FutureTask.run(FutureTask.java:262)
	at java.util.concurrent.ThreadPoolExecutor.runWorker(ThreadPoolExecutor.java:1145)
	at java.util.concurrent.ThreadPoolExecutor$Worker.run(ThreadPoolExecutor.java:615)
	at java.lang.Thread.run(Thread.java:745)

Mar 10, 2018 10:25:03 AM org.apache.catalina.startup.HostConfig deployDescriptor
INFO: Deployment of configuration descriptor C:\Users\jason.zhenchi.ye\Desktop\YIJIANG\tomcat\conf\Catalina\localhost\webDemo.xml has finished in 102 ms
Mar 10, 2018 10:25:03 AM org.apache.catalina.startup.HostConfig deployDirectory
INFO: Deploying web application directory C:\Users\jason.zhenchi.ye\Desktop\YIJIANG\tomcat\webapps\ROOT
Mar 10, 2018 10:25:03 AM org.apache.catalina.util.SessionIdGenerator createSecureRandom
INFO: Creation of SecureRandom instance for session ID generation using [SHA1PRNG] took [113] milliseconds.
Mar 10, 2018 10:25:03 AM org.apache.catalina.startup.HostConfig deployDirectory
INFO: Deployment of web application directory C:\Users\jason.zhenchi.ye\Desktop\YIJIANG\tomcat\webapps\ROOT has finished in 430 ms
Mar 10, 2018 10:25:03 AM org.apache.coyote.AbstractProtocol start
INFO: Starting ProtocolHandler ["http-apr-8088"]
Mar 10, 2018 10:25:03 AM org.apache.coyote.AbstractProtocol start
INFO: Starting ProtocolHandler ["ajp-apr-8009"]
Mar 10, 2018 10:25:03 AM org.apache.catalina.startup.Catalina start
INFO: Server startup in 597 ms
Mar 10, 2018 10:27:17 AM org.apache.catalina.core.AprLifecycleListener init
INFO: Loaded APR based Apache Tomcat Native library 1.1.31 using APR version 1.4.8.
Mar 10, 2018 10:27:17 AM org.apache.catalina.core.AprLifecycleListener init
INFO: APR capabilities: IPv6 [true], sendfile [true], accept filters [false], random [true].
Mar 10, 2018 10:27:17 AM org.apache.catalina.core.AprLifecycleListener initializeSSL
INFO: OpenSSL successfully initialized (OpenSSL 1.0.1h 5 Jun 2014)
Mar 10, 2018 10:27:18 AM org.apache.coyote.AbstractProtocol init
INFO: Initializing ProtocolHandler ["http-apr-8088"]
Mar 10, 2018 10:27:18 AM org.apache.coyote.AbstractProtocol init
INFO: Initializing ProtocolHandler ["ajp-apr-8009"]
Mar 10, 2018 10:27:18 AM org.apache.catalina.startup.Catalina load
INFO: Initialization processed in 1029 ms
Mar 10, 2018 10:27:18 AM org.apache.catalina.users.MemoryUserDatabase open
SEVERE: The specified user database [C:\Users\jason.zhenchi.ye\Desktop\YIJIANG\tomcat\conf\tomcat-users.xml] could not be found
Mar 10, 2018 10:27:18 AM org.apache.catalina.core.StandardService startInternal
INFO: Starting service Catalina
Mar 10, 2018 10:27:18 AM org.apache.catalina.core.StandardEngine startInternal
INFO: Starting Servlet Engine: Apache Tomcat/7.0.56
Mar 10, 2018 10:27:18 AM org.apache.catalina.startup.HostConfig deployDescriptor
INFO: Deploying configuration descriptor C:\Users\jason.zhenchi.ye\Desktop\YIJIANG\tomcat\conf\Catalina\localhost\webDemo.xml
Mar 10, 2018 10:27:18 AM org.apache.catalina.core.StandardContext resourcesStart
SEVERE: Error starting static Resources
java.lang.IllegalArgumentException: Document base C:\YIJIANG\Neu-training-Photo\webapp does not exist or is not a readable directory
	at org.apache.naming.resources.FileDirContext.setDocBase(FileDirContext.java:136)
	at org.apache.catalina.core.StandardContext.resourcesStart(StandardContext.java:5110)
	at org.apache.catalina.core.StandardContext.startInternal(StandardContext.java:5294)
	at org.apache.catalina.util.LifecycleBase.start(LifecycleBase.java:150)
	at org.apache.catalina.core.ContainerBase.addChildInternal(ContainerBase.java:901)
	at org.apache.catalina.core.ContainerBase.addChild(ContainerBase.java:877)
	at org.apache.catalina.core.StandardHost.addChild(StandardHost.java:649)
	at org.apache.catalina.startup.HostConfig.deployDescriptor(HostConfig.java:672)
	at org.apache.catalina.startup.HostConfig$DeployDescriptor.run(HostConfig.java:1861)
	at java.util.concurrent.Executors$RunnableAdapter.call(Executors.java:471)
	at java.util.concurrent.FutureTask.run(FutureTask.java:262)
	at java.util.concurrent.ThreadPoolExecutor.runWorker(ThreadPoolExecutor.java:1145)
	at java.util.concurrent.ThreadPoolExecutor$Worker.run(ThreadPoolExecutor.java:615)
	at java.lang.Thread.run(Thread.java:745)

Mar 10, 2018 10:27:18 AM org.apache.catalina.core.ContainerBase addChildInternal
SEVERE: ContainerBase.addChild: start: 
org.apache.catalina.LifecycleException: Failed to start component [StandardEngine[Catalina].StandardHost[localhost].StandardContext[/webDemo]]
	at org.apache.catalina.util.LifecycleBase.start(LifecycleBase.java:154)
	at org.apache.catalina.core.ContainerBase.addChildInternal(ContainerBase.java:901)
	at org.apache.catalina.core.ContainerBase.addChild(ContainerBase.java:877)
	at org.apache.catalina.core.StandardHost.addChild(StandardHost.java:649)
	at org.apache.catalina.startup.HostConfig.deployDescriptor(HostConfig.java:672)
	at org.apache.catalina.startup.HostConfig$DeployDescriptor.run(HostConfig.java:1861)
	at java.util.concurrent.Executors$RunnableAdapter.call(Executors.java:471)
	at java.util.concurrent.FutureTask.run(FutureTask.java:262)
	at java.util.concurrent.ThreadPoolExecutor.runWorker(ThreadPoolExecutor.java:1145)
	at java.util.concurrent.ThreadPoolExecutor$Worker.run(ThreadPoolExecutor.java:615)
	at java.lang.Thread.run(Thread.java:745)
Caused by: org.apache.catalina.LifecycleException: Error in resourceStart()
	at org.apache.catalina.core.StandardContext.startInternal(StandardContext.java:5295)
	at org.apache.catalina.util.LifecycleBase.start(LifecycleBase.java:150)
	... 10 more

Mar 10, 2018 10:27:18 AM org.apache.catalina.startup.HostConfig deployDescriptor
SEVERE: Error deploying configuration descriptor C:\Users\jason.zhenchi.ye\Desktop\YIJIANG\tomcat\conf\Catalina\localhost\webDemo.xml
java.lang.IllegalStateException: ContainerBase.addChild: start: org.apache.catalina.LifecycleException: Failed to start component [StandardEngine[Catalina].StandardHost[localhost].StandardContext[/webDemo]]
	at org.apache.catalina.core.ContainerBase.addChildInternal(ContainerBase.java:904)
	at org.apache.catalina.core.ContainerBase.addChild(ContainerBase.java:877)
	at org.apache.catalina.core.StandardHost.addChild(StandardHost.java:649)
	at org.apache.catalina.startup.HostConfig.deployDescriptor(HostConfig.java:672)
	at org.apache.catalina.startup.HostConfig$DeployDescriptor.run(HostConfig.java:1861)
	at java.util.concurrent.Executors$RunnableAdapter.call(Executors.java:471)
	at java.util.concurrent.FutureTask.run(FutureTask.java:262)
	at java.util.concurrent.ThreadPoolExecutor.runWorker(ThreadPoolExecutor.java:1145)
	at java.util.concurrent.ThreadPoolExecutor$Worker.run(ThreadPoolExecutor.java:615)
	at java.lang.Thread.run(Thread.java:745)

Mar 10, 2018 10:27:18 AM org.apache.catalina.startup.HostConfig deployDescriptor
INFO: Deployment of configuration descriptor C:\Users\jason.zhenchi.ye\Desktop\YIJIANG\tomcat\conf\Catalina\localhost\webDemo.xml has finished in 84 ms
Mar 10, 2018 10:27:18 AM org.apache.catalina.startup.HostConfig deployDirectory
INFO: Deploying web application directory C:\Users\jason.zhenchi.ye\Desktop\YIJIANG\tomcat\webapps\ROOT
Mar 10, 2018 10:27:18 AM org.apache.catalina.util.SessionIdGenerator createSecureRandom
INFO: Creation of SecureRandom instance for session ID generation using [SHA1PRNG] took [166] milliseconds.
Mar 10, 2018 10:27:18 AM org.apache.catalina.startup.HostConfig deployDirectory
INFO: Deployment of web application directory C:\Users\jason.zhenchi.ye\Desktop\YIJIANG\tomcat\webapps\ROOT has finished in 435 ms
Mar 10, 2018 10:27:18 AM org.apache.coyote.AbstractProtocol start
INFO: Starting ProtocolHandler ["http-apr-8088"]
Mar 10, 2018 10:27:18 AM org.apache.coyote.AbstractProtocol start
INFO: Starting ProtocolHandler ["ajp-apr-8009"]
Mar 10, 2018 10:27:18 AM org.apache.catalina.startup.Catalina start
INFO: Server startup in 567 ms
Mar 10, 2018 10:28:08 AM org.apache.catalina.startup.HostConfig undeploy
INFO: Undeploying context [/webDemo]
Mar 10, 2018 10:28:08 AM org.apache.catalina.startup.HostConfig deployDescriptor
INFO: Deploying configuration descriptor C:\Users\jason.zhenchi.ye\Desktop\YIJIANG\tomcat\conf\Catalina\localhost\webDemo.xml
Mar 10, 2018 10:28:23 AM org.apache.catalina.core.AprLifecycleListener init
INFO: Loaded APR based Apache Tomcat Native library 1.1.31 using APR version 1.4.8.
Mar 10, 2018 10:28:23 AM org.apache.catalina.core.AprLifecycleListener init
INFO: APR capabilities: IPv6 [true], sendfile [true], accept filters [false], random [true].
Mar 10, 2018 10:28:24 AM org.apache.catalina.core.AprLifecycleListener initializeSSL
INFO: OpenSSL successfully initialized (OpenSSL 1.0.1h 5 Jun 2014)
Mar 10, 2018 10:28:24 AM org.apache.coyote.AbstractProtocol init
INFO: Initializing ProtocolHandler ["http-apr-8088"]
Mar 10, 2018 10:28:24 AM org.apache.coyote.AbstractProtocol init
INFO: Initializing ProtocolHandler ["ajp-apr-8009"]
Mar 10, 2018 10:28:24 AM org.apache.catalina.startup.Catalina load
INFO: Initialization processed in 1205 ms
Mar 10, 2018 10:28:24 AM org.apache.catalina.users.MemoryUserDatabase open
SEVERE: The specified user database [C:\Users\jason.zhenchi.ye\Desktop\YIJIANG\tomcat\conf\tomcat-users.xml] could not be found
Mar 10, 2018 10:28:24 AM org.apache.catalina.core.StandardService startInternal
INFO: Starting service Catalina
Mar 10, 2018 10:28:24 AM org.apache.catalina.core.StandardEngine startInternal
INFO: Starting Servlet Engine: Apache Tomcat/7.0.56
Mar 10, 2018 10:28:24 AM org.apache.catalina.startup.HostConfig deployDescriptor
INFO: Deploying configuration descriptor C:\Users\jason.zhenchi.ye\Desktop\YIJIANG\tomcat\conf\Catalina\localhost\webDemo.xml
Mar 10, 2018 10:28:28 AM org.apache.catalina.startup.TaglibUriRule body
INFO: TLD skipped. URI: http://java.sun.com/jstl/core_rt is already defined
Mar 10, 2018 10:28:28 AM org.apache.catalina.startup.TaglibUriRule body
INFO: TLD skipped. URI: http://java.sun.com/jstl/core is already defined
Mar 10, 2018 10:28:28 AM org.apache.catalina.startup.TaglibUriRule body
INFO: TLD skipped. URI: http://java.sun.com/jsp/jstl/core is already defined
Mar 10, 2018 10:28:28 AM org.apache.catalina.startup.TaglibUriRule body
INFO: TLD skipped. URI: http://java.sun.com/jstl/fmt_rt is already defined
Mar 10, 2018 10:28:28 AM org.apache.catalina.startup.TaglibUriRule body
INFO: TLD skipped. URI: http://java.sun.com/jstl/fmt is already defined
Mar 10, 2018 10:28:28 AM org.apache.catalina.startup.TaglibUriRule body
INFO: TLD skipped. URI: http://java.sun.com/jsp/jstl/fmt is already defined
Mar 10, 2018 10:28:28 AM org.apache.catalina.startup.TaglibUriRule body
INFO: TLD skipped. URI: http://java.sun.com/jsp/jstl/functions is already defined
Mar 10, 2018 10:28:28 AM org.apache.catalina.startup.TaglibUriRule body
INFO: TLD skipped. URI: http://jakarta.apache.org/taglibs/standard/permittedTaglibs is already defined
Mar 10, 2018 10:28:28 AM org.apache.catalina.startup.TaglibUriRule body
INFO: TLD skipped. URI: http://jakarta.apache.org/taglibs/standard/scriptfree is already defined
Mar 10, 2018 10:28:28 AM org.apache.catalina.startup.TaglibUriRule body
INFO: TLD skipped. URI: http://java.sun.com/jstl/sql_rt is already defined
Mar 10, 2018 10:28:28 AM org.apache.catalina.startup.TaglibUriRule body
INFO: TLD skipped. URI: http://java.sun.com/jstl/sql is already defined
Mar 10, 2018 10:28:28 AM org.apache.catalina.startup.TaglibUriRule body
INFO: TLD skipped. URI: http://java.sun.com/jsp/jstl/sql is already defined
Mar 10, 2018 10:28:28 AM org.apache.catalina.startup.TaglibUriRule body
INFO: TLD skipped. URI: http://java.sun.com/jstl/xml_rt is already defined
Mar 10, 2018 10:28:28 AM org.apache.catalina.startup.TaglibUriRule body
INFO: TLD skipped. URI: http://java.sun.com/jstl/xml is already defined
Mar 10, 2018 10:28:28 AM org.apache.catalina.startup.TaglibUriRule body
INFO: TLD skipped. URI: http://java.sun.com/jsp/jstl/xml is already defined
Mar 10, 2018 10:28:31 AM org.apache.catalina.util.SessionIdGenerator createSecureRandom
INFO: Creation of SecureRandom instance for session ID generation using [SHA1PRNG] took [102] milliseconds.
Mar 10, 2018 10:28:31 AM org.apache.catalina.startup.HostConfig deployDescriptor
INFO: Deployment of configuration descriptor C:\Users\jason.zhenchi.ye\Desktop\YIJIANG\tomcat\conf\Catalina\localhost\webDemo.xml has finished in 6,649 ms
Mar 10, 2018 10:28:31 AM org.apache.catalina.startup.HostConfig deployDirectory
INFO: Deploying web application directory C:\Users\jason.zhenchi.ye\Desktop\YIJIANG\tomcat\webapps\ROOT
Mar 10, 2018 10:28:31 AM org.apache.catalina.startup.HostConfig deployDirectory
INFO: Deployment of web application directory C:\Users\jason.zhenchi.ye\Desktop\YIJIANG\tomcat\webapps\ROOT has finished in 72 ms
Mar 10, 2018 10:28:31 AM org.apache.coyote.AbstractProtocol start
INFO: Starting ProtocolHandler ["http-apr-8088"]
Mar 10, 2018 10:28:31 AM org.apache.coyote.AbstractProtocol start
INFO: Starting ProtocolHandler ["ajp-apr-8009"]
Mar 10, 2018 10:28:31 AM org.apache.catalina.startup.Catalina start
INFO: Server startup in 6768 ms
Mar 10, 2018 10:29:20 AM org.apache.jasper.compiler.TldLocationsCache tldScanJar
INFO: At least one JAR was scanned for TLDs yet contained no TLDs. Enable debug logging for this logger for a complete list of JARs that were scanned but no TLDs were found in them. Skipping unneeded JARs during scanning can improve startup time and JSP compilation time.
