三月 10, 2018 10:16:19 上午 org.apache.catalina.core.ApplicationContext log
信息: No Spring WebApplicationInitializer types detected on classpath
三月 10, 2018 10:16:19 上午 org.apache.catalina.core.ApplicationContext log
信息: Initializing Spring root WebApplicationContext
三月 10, 2018 10:16:21 上午 org.apache.catalina.core.ApplicationContext log
信息: Initializing Spring FrameworkServlet 'spring'
三月 10, 2018 10:16:33 上午 org.apache.catalina.core.ApplicationContext log
信息: Destroying Spring FrameworkServlet 'spring'
三月 10, 2018 10:16:33 上午 org.apache.catalina.core.ApplicationContext log
信息: Closing Spring root WebApplicationContext
三月 10, 2018 10:17:05 上午 org.apache.catalina.core.ApplicationContext log
信息: No Spring WebApplicationInitializer types detected on classpath
三月 10, 2018 10:17:05 上午 org.apache.catalina.core.ApplicationContext log
信息: Initializing Spring root WebApplicationContext
三月 10, 2018 10:17:07 上午 org.apache.catalina.core.ApplicationContext log
信息: Initializing Spring FrameworkServlet 'spring'
三月 10, 2018 10:17:16 上午 org.apache.catalina.core.ApplicationContext log
信息: Destroying Spring FrameworkServlet 'spring'
三月 10, 2018 10:17:16 上午 org.apache.catalina.core.ApplicationContext log
信息: Closing Spring root WebApplicationContext
Mar 10, 2018 10:28:28 AM org.apache.catalina.core.ApplicationContext log
INFO: No Spring WebApplicationInitializer types detected on classpath
Mar 10, 2018 10:28:28 AM org.apache.catalina.core.ApplicationContext log
INFO: Initializing Spring root WebApplicationContext
Mar 10, 2018 10:28:31 AM org.apache.catalina.core.ApplicationContext log
INFO: Initializing Spring FrameworkServlet 'spring'
