二月 11, 2018 12:14:34 下午 org.apache.catalina.core.ApplicationContext log
信息: No Spring WebApplicationInitializer types detected on classpath
二月 11, 2018 12:14:34 下午 org.apache.catalina.core.ApplicationContext log
信息: Initializing Spring root WebApplicationContext
二月 11, 2018 12:14:36 下午 org.apache.catalina.core.ApplicationContext log
信息: Initializing Spring FrameworkServlet 'spring'
二月 11, 2018 12:16:08 下午 org.apache.catalina.core.ApplicationContext log
信息: Destroying Spring FrameworkServlet 'spring'
二月 11, 2018 12:16:08 下午 org.apache.catalina.core.ApplicationContext log
信息: Closing Spring root WebApplicationContext
二月 11, 2018 12:22:57 下午 org.apache.catalina.core.ApplicationContext log
信息: No Spring WebApplicationInitializer types detected on classpath
二月 11, 2018 12:22:57 下午 org.apache.catalina.core.ApplicationContext log
信息: Initializing Spring root WebApplicationContext
二月 11, 2018 12:22:59 下午 org.apache.catalina.core.ApplicationContext log
信息: Initializing Spring FrameworkServlet 'spring'
二月 11, 2018 12:23:09 下午 org.apache.catalina.core.ApplicationContext log
信息: No Spring WebApplicationInitializer types detected on classpath
二月 11, 2018 12:23:09 下午 org.apache.catalina.core.ApplicationContext log
信息: Initializing Spring root WebApplicationContext
二月 11, 2018 12:23:11 下午 org.apache.catalina.core.ApplicationContext log
信息: Initializing Spring FrameworkServlet 'spring'
二月 11, 2018 12:23:11 下午 org.apache.catalina.core.ApplicationContext log
信息: Destroying Spring FrameworkServlet 'spring'
二月 11, 2018 12:23:11 下午 org.apache.catalina.core.ApplicationContext log
信息: Closing Spring root WebApplicationContext
二月 11, 2018 12:25:46 下午 org.apache.catalina.core.ApplicationContext log
信息: Destroying Spring FrameworkServlet 'spring'
二月 11, 2018 12:25:46 下午 org.apache.catalina.core.ApplicationContext log
信息: Closing Spring root WebApplicationContext
二月 11, 2018 12:25:57 下午 org.apache.catalina.core.ApplicationContext log
信息: No Spring WebApplicationInitializer types detected on classpath
二月 11, 2018 12:25:57 下午 org.apache.catalina.core.ApplicationContext log
信息: Initializing Spring root WebApplicationContext
二月 11, 2018 12:26:04 下午 org.apache.catalina.core.ApplicationContext log
信息: No Spring WebApplicationInitializer types detected on classpath
二月 11, 2018 12:26:04 下午 org.apache.catalina.core.ApplicationContext log
信息: Initializing Spring root WebApplicationContext
二月 11, 2018 12:26:07 下午 org.apache.catalina.core.ApplicationContext log
信息: Initializing Spring FrameworkServlet 'spring'
二月 11, 2018 12:26:19 下午 org.apache.catalina.core.ApplicationContext log
信息: Destroying Spring FrameworkServlet 'spring'
二月 11, 2018 12:26:19 下午 org.apache.catalina.core.ApplicationContext log
信息: Closing Spring root WebApplicationContext
二月 11, 2018 12:26:35 下午 org.apache.catalina.core.ApplicationContext log
信息: No Spring WebApplicationInitializer types detected on classpath
二月 11, 2018 12:26:35 下午 org.apache.catalina.core.ApplicationContext log
信息: Initializing Spring root WebApplicationContext
二月 11, 2018 12:26:42 下午 org.apache.catalina.core.ApplicationContext log
信息: Initializing Spring FrameworkServlet 'spring'
二月 11, 2018 12:27:12 下午 org.apache.catalina.core.ApplicationContext log
信息: Destroying Spring FrameworkServlet 'spring'
二月 11, 2018 12:27:12 下午 org.apache.catalina.core.ApplicationContext log
信息: Closing Spring root WebApplicationContext
二月 11, 2018 12:27:21 下午 org.apache.catalina.core.ApplicationContext log
信息: No Spring WebApplicationInitializer types detected on classpath
二月 11, 2018 12:27:21 下午 org.apache.catalina.core.ApplicationContext log
信息: Initializing Spring root WebApplicationContext
二月 11, 2018 12:27:29 下午 org.apache.catalina.core.ApplicationContext log
信息: Initializing Spring FrameworkServlet 'spring'
二月 11, 2018 12:28:59 下午 org.apache.catalina.core.ApplicationContext log
信息: Destroying Spring FrameworkServlet 'spring'
二月 11, 2018 12:28:59 下午 org.apache.catalina.core.ApplicationContext log
信息: Closing Spring root WebApplicationContext
