#
# A fatal error has been detected by the Java Runtime Environment:
#
#  Internal Error (jvmtiRedefineClasses.cpp:1654), pid=3200, tid=8984
#  guarantee(false) failed: insert_space_at() failed
#
# JRE version: Java(TM) SE Runtime Environment (7.0_71-b14) (build 1.7.0_71-b14)
# Java VM: Java HotSpot(TM) 64-Bit Server VM (24.71-b01 mixed mode windows-amd64 compressed oops)
# Failed to write core dump. Minidumps are not enabled by default on client versions of Windows
#
# If you would like to submit a bug report, please visit:
#   http://bugreport.sun.com/bugreport/crash.jsp
#

---------------  T H R E A D  ---------------

Current thread (0x000000000a531000):  JavaThread "JDWP Transport Listener: dt_socket" daemon [_thread_in_vm, id=8984, stack(0x000000000bac0000,0x000000000bbc0000)]

Stack: [0x000000000bac0000,0x000000000bbc0000]
[error occurred during error reporting (printing stack bounds), id 0xc0000005]


[error occurred during error reporting (printing native stack), id 0xc0000005]


---------------  P R O C E S S  ---------------

Java Threads: ( => current thread )
  0x000000000ca7e000 JavaThread "http-bio-8080-exec-30" daemon [_thread_blocked, id=13596, stack(0x0000000010a50000,0x0000000010b50000)]
  0x000000000ca7d000 JavaThread "http-bio-8080-exec-29" daemon [_thread_blocked, id=1232, stack(0x00000000134a0000,0x00000000135a0000)]
  0x000000000ca7c800 JavaThread "http-bio-8080-exec-28" daemon [_thread_blocked, id=11528, stack(0x00000000132a0000,0x00000000133a0000)]
  0x000000000ca83000 JavaThread "http-bio-8080-exec-27" daemon [_thread_blocked, id=13556, stack(0x00000000136a0000,0x00000000137a0000)]
  0x000000000ca7a000 JavaThread "http-bio-8080-exec-26" daemon [_thread_blocked, id=11276, stack(0x000000000f480000,0x000000000f580000)]
  0x000000000ca85800 JavaThread "http-bio-8080-exec-25" daemon [_thread_blocked, id=12804, stack(0x00000000130a0000,0x00000000131a0000)]
  0x000000000ca7b800 JavaThread "http-bio-8080-exec-24" daemon [_thread_blocked, id=7520, stack(0x000000000f680000,0x000000000f780000)]
  0x000000000ca7b000 JavaThread "http-bio-8080-exec-23" daemon [_thread_blocked, id=13464, stack(0x00000000133a0000,0x00000000134a0000)]
  0x000000000ca81000 JavaThread "http-bio-8080-exec-22" daemon [_thread_blocked, id=12884, stack(0x00000000135a0000,0x00000000136a0000)]
  0x000000000ca84000 JavaThread "http-bio-8080-exec-21" daemon [_thread_blocked, id=13364, stack(0x00000000139a0000,0x0000000013aa0000)]
  0x000000000ca7f800 JavaThread "Timer-2" daemon [_thread_blocked, id=6632, stack(0x00000000131a0000,0x00000000132a0000)]
  0x000000000ca84800 JavaThread "Timer-1" daemon [_thread_blocked, id=4736, stack(0x000000000e3b0000,0x000000000e4b0000)]
  0x000000000d1ea000 JavaThread "ajp-bio-8009-AsyncTimeout" daemon [_thread_blocked, id=12424, stack(0x0000000011fa0000,0x00000000120a0000)]
  0x000000000d1e7800 JavaThread "ajp-bio-8009-Acceptor-0" daemon [_thread_in_native, id=12788, stack(0x0000000011ea0000,0x0000000011fa0000)]
  0x000000000d1e9000 JavaThread "http-bio-8080-AsyncTimeout" daemon [_thread_blocked, id=8060, stack(0x0000000011da0000,0x0000000011ea0000)]
  0x000000000d1e4000 JavaThread "http-bio-8080-Acceptor-0" daemon [_thread_in_native, id=12556, stack(0x0000000010950000,0x0000000010a50000)]
  0x000000000d1e7000 JavaThread "ContainerBackgroundProcessor[StandardEngine[Catalina]]" daemon [_thread_blocked, id=4116, stack(0x0000000010bf0000,0x0000000010cf0000)]
  0x000000000d1e4800 JavaThread "Timer-0" daemon [_thread_blocked, id=9972, stack(0x000000000f580000,0x000000000f680000)]
  0x000000000d1e5800 JavaThread "GC Daemon" daemon [_thread_blocked, id=5156, stack(0x000000000de10000,0x000000000df10000)]
  0x000000000a54d000 JavaThread "Service Thread" daemon [_thread_blocked, id=10288, stack(0x000000000c040000,0x000000000c140000)]
  0x000000000a549800 JavaThread "C2 CompilerThread1" daemon [_thread_blocked, id=5920, stack(0x000000000bf40000,0x000000000c040000)]
  0x000000000a54c000 JavaThread "C2 CompilerThread0" daemon [_thread_blocked, id=9728, stack(0x000000000be40000,0x000000000bf40000)]
  0x000000000a537800 JavaThread "JDWP Command Reader" daemon [_thread_in_native, id=9800, stack(0x000000000bd40000,0x000000000be40000)]
  0x000000000a535000 JavaThread "JDWP Event Helper Thread" daemon [_thread_blocked, id=12496, stack(0x000000000bc40000,0x000000000bd40000)]
=>0x000000000a531000 JavaThread "JDWP Transport Listener: dt_socket" daemon [_thread_in_vm, id=8984, stack(0x000000000bac0000,0x000000000bbc0000)]
  0x000000000a51e800 JavaThread "Attach Listener" daemon [_thread_blocked, id=13272, stack(0x000000000b980000,0x000000000ba80000)]
  0x000000000a51b800 JavaThread "Signal Dispatcher" daemon [_thread_blocked, id=5976, stack(0x000000000b880000,0x000000000b980000)]
  0x000000000a4cf800 JavaThread "Finalizer" daemon [_thread_blocked, id=3224, stack(0x000000000b780000,0x000000000b880000)]
  0x000000000a4c6000 JavaThread "Reference Handler" daemon [_thread_blocked, id=13720, stack(0x000000000b680000,0x000000000b780000)]
  0x0000000001f5e000 JavaThread "main" [_thread_in_native, id=12248, stack(0x0000000001f80000,0x0000000002080000)]

Other Threads:
  0x000000000a4c2000 VMThread [stack: 0x000000000b580000,0x000000000b680000] [id=11588]
  0x000000000a55e800 WatcherThread [stack: 0x000000000c140000,0x000000000c240000] [id=3560]

VM state:synchronizing (normal execution)

VM Mutex/Monitor currently owned by a thread:  ([mutex/lock_event])
[0x0000000001f5c990] Threads_lock - owner thread: 0x000000000a4c2000

Heap
 PSYoungGen      total 520192K, used 0K [0x00000007d5d00000, 0x00000007fe680000, 0x0000000800000000)
  eden space 519680K, 0% used [0x00000007d5d00000,0x00000007d5d00000,0x00000007f5880000)
  from space 512K, 0% used [0x00000007f5880000,0x00000007f5880000,0x00000007f5900000)
  to   space 71168K, 0% used [0x00000007fa100000,0x00000007fa100000,0x00000007fe680000)
 ParOldGen       total 1022976K, used 41619K [0x0000000781800000, 0x00000007bff00000, 0x00000007d5d00000)
  object space 1022976K, 4% used [0x0000000781800000,0x00000007840a4f50,0x00000007bff00000)
 PSPermGen       total 83968K, used 83967K [0x000000077c600000, 0x0000000781800000, 0x0000000781800000)
  object space 83968K, 99% used [0x000000077c600000,0x00000007817ffdf0,0x0000000781800000)

Card table byte_map: [0x0000000005260000,0x0000000005680000] byte_map_base: 0x000000000167d000

Polling page: 0x0000000001f40000

Code Cache  [0x00000000021a0000, 0x0000000002bf0000, 0x00000000051a0000)
 total_blobs=2474 nmethods=2084 adapters=349 free_code_cache=38852Kb largest_free_block=39574848

Compilation events (10 events):
Event: 2581.841 Thread 0x000000000a54c000 2282   !         org.apache.catalina.loader.WebappClassLoader::openJARs (98 bytes)
Event: 2581.847 Thread 0x000000000a54c000 nmethod 2282 0x0000000002bcf910 code [0x0000000002bcfaa0, 0x0000000002bcff08]
Event: 2581.869 Thread 0x000000000a549800 2283             java.util.RegularEnumSet::contains (57 bytes)
Event: 2581.870 Thread 0x000000000a549800 nmethod 2283 0x0000000002ab7b10 code [0x0000000002ab7c60, 0x0000000002ab7d78]
Event: 2582.029 Thread 0x000000000a54c000 2284  s          java.util.Hashtable::put (175 bytes)
Event: 2582.040 Thread 0x000000000a54c000 nmethod 2284 0x0000000002bd5c50 code [0x0000000002bd5de0, 0x0000000002bd6a28]
Event: 2582.059 Thread 0x000000000a549800 2285             com.sun.org.apache.xerces.internal.util.PropertyState::isExceptional (8 bytes)
Event: 2582.059 Thread 0x000000000a549800 nmethod 2285 0x0000000002bbb2d0 code [0x0000000002bbb400, 0x0000000002bbb498]
Event: 2586.628 Thread 0x000000000a54c000 2286             org.apache.catalina.connector.MapperListener::containerEvent (691 bytes)
Event: 2586.653 Thread 0x000000000a54c000 nmethod 2286 0x0000000002b13a10 code [0x0000000002b13dc0, 0x0000000002b16018]

GC Heap History (10 events):
Event: 2590.750 GC heap before
{Heap before GC invocations=39 (full 10):
 PSYoungGen      total 598016K, used 0K [0x00000007d5d00000, 0x00000007ff100000, 0x0000000800000000)
  eden space 516608K, 0% used [0x00000007d5d00000,0x00000007d5d00000,0x00000007f5580000)
  from space 81408K, 0% used [0x00000007f5580000,0x00000007f5580000,0x00000007fa500000)
  to   space 77824K, 0% used [0x00000007fa500000,0x00000007fa500000,0x00000007ff100000)
 ParOldGen       total 584704K, used 41871K [0x0000000781800000, 0x00000007a5300000, 0x00000007d5d00000)
  object space 584704K, 7% used [0x0000000781800000,0x00000007840e3c78,0x00000007a5300000)
 PSPermGen       total 83968K, used 83968K [0x000000077c600000, 0x0000000781800000, 0x0000000781800000)
  object space 83968K, 100% used [0x000000077c600000,0x0000000781800000,0x0000000781800000)
Event: 2590.991 GC heap after
Heap after GC invocations=39 (full 10):
 PSYoungGen      total 598016K, used 0K [0x00000007d5d00000, 0x00000007ff100000, 0x0000000800000000)
  eden space 516608K, 0% used [0x00000007d5d00000,0x00000007d5d00000,0x00000007f5580000)
  from space 81408K, 0% used [0x00000007f5580000,0x00000007f5580000,0x00000007fa500000)
  to   space 77824K, 0% used [0x00000007fa500000,0x00000007fa500000,0x00000007ff100000)
 ParOldGen       total 712192K, used 41619K [0x0000000781800000, 0x00000007acf80000, 0x00000007d5d00000)
  object space 712192K, 5% used [0x0000000781800000,0x00000007840a4f08,0x00000007acf80000)
 PSPermGen       total 83968K, used 83950K [0x000000077c600000, 0x0000000781800000, 0x0000000781800000)
  object space 83968K, 99% used [0x000000077c600000,0x00000007817fb8f0,0x0000000781800000)
}
Event: 2590.993 GC heap before
{Heap before GC invocations=40 (full 10):
 PSYoungGen      total 598016K, used 2988K [0x00000007d5d00000, 0x00000007ff100000, 0x0000000800000000)
  eden space 516608K, 0% used [0x00000007d5d00000,0x00000007d5feb398,0x00000007f5580000)
  from space 81408K, 0% used [0x00000007f5580000,0x00000007f5580000,0x00000007fa500000)
  to   space 77824K, 0% used [0x00000007fa500000,0x00000007fa500000,0x00000007ff100000)
 ParOldGen       total 712192K, used 41619K [0x0000000781800000, 0x00000007acf80000, 0x00000007d5d00000)
  object space 712192K, 5% used [0x0000000781800000,0x00000007840a4f08,0x00000007acf80000)
 PSPermGen       total 83968K, used 83967K [0x000000077c600000, 0x0000000781800000, 0x0000000781800000)
  object space 83968K, 99% used [0x000000077c600000,0x00000007817ffdf0,0x0000000781800000)
Event: 2590.997 GC heap after
Heap after GC invocations=40 (full 10):
 PSYoungGen      total 590848K, used 32K [0x00000007d5d00000, 0x00000007fea80000, 0x0000000800000000)
  eden space 519680K, 0% used [0x00000007d5d00000,0x00000007d5d00000,0x00000007f5880000)
  from space 71168K, 0% used [0x00000007fa500000,0x00000007fa508000,0x00000007fea80000)
  to   space 74752K, 0% used [0x00000007f5880000,0x00000007f5880000,0x00000007fa180000)
 ParOldGen       total 712192K, used 41619K [0x0000000781800000, 0x00000007acf80000, 0x00000007d5d00000)
  object space 712192K, 5% used [0x0000000781800000,0x00000007840a4f08,0x00000007acf80000)
 PSPermGen       total 83968K, used 83967K [0x000000077c600000, 0x0000000781800000, 0x0000000781800000)
  object space 83968K, 99% used [0x000000077c600000,0x00000007817ffdf0,0x0000000781800000)
}
Event: 2590.997 GC heap before
{Heap before GC invocations=41 (full 11):
 PSYoungGen      total 590848K, used 32K [0x00000007d5d00000, 0x00000007fea80000, 0x0000000800000000)
  eden space 519680K, 0% used [0x00000007d5d00000,0x00000007d5d00000,0x00000007f5880000)
  from space 71168K, 0% used [0x00000007fa500000,0x00000007fa508000,0x00000007fea80000)
  to   space 74752K, 0% used [0x00000007f5880000,0x00000007f5880000,0x00000007fa180000)
 ParOldGen       total 712192K, used 41619K [0x0000000781800000, 0x00000007acf80000, 0x00000007d5d00000)
  object space 712192K, 5% used [0x0000000781800000,0x00000007840a4f08,0x00000007acf80000)
 PSPermGen       total 83968K, used 83967K [0x000000077c600000, 0x0000000781800000, 0x0000000781800000)
  object space 83968K, 99% used [0x000000077c600000,0x00000007817ffdf0,0x0000000781800000)
Event: 2591.161 GC heap after
Heap after GC invocations=41 (full 11):
 PSYoungGen      total 590848K, used 0K [0x00000007d5d00000, 0x00000007fea80000, 0x0000000800000000)
  eden space 519680K, 0% used [0x00000007d5d00000,0x00000007d5d00000,0x00000007f5880000)
  from space 71168K, 0% used [0x00000007fa500000,0x00000007fa500000,0x00000007fea80000)
  to   space 74752K, 0% used [0x00000007f5880000,0x00000007f5880000,0x00000007fa180000)
 ParOldGen       total 852992K, used 41619K [0x0000000781800000, 0x00000007b5900000, 0x00000007d5d00000)
  object space 852992K, 4% used [0x0000000781800000,0x00000007840a4f50,0x00000007b5900000)
 PSPermGen       total 83968K, used 83967K [0x000000077c600000, 0x0000000781800000, 0x0000000781800000)
  object space 83968K, 99% used [0x000000077c600000,0x00000007817ffdf0,0x0000000781800000)
}
Event: 2591.161 GC heap before
{Heap before GC invocations=42 (full 11):
 PSYoungGen      total 590848K, used 0K [0x00000007d5d00000, 0x00000007fea80000, 0x0000000800000000)
  eden space 519680K, 0% used [0x00000007d5d00000,0x00000007d5d00000,0x00000007f5880000)
  from space 71168K, 0% used [0x00000007fa500000,0x00000007fa500000,0x00000007fea80000)
  to   space 74752K, 0% used [0x00000007f5880000,0x00000007f5880000,0x00000007fa180000)
 ParOldGen       total 852992K, used 41619K [0x0000000781800000, 0x00000007b5900000, 0x00000007d5d00000)
  object space 852992K, 4% used [0x0000000781800000,0x00000007840a4f50,0x00000007b5900000)
 PSPermGen       total 83968K, used 83967K [0x000000077c600000, 0x0000000781800000, 0x0000000781800000)
  object space 83968K, 99% used [0x000000077c600000,0x00000007817ffdf0,0x0000000781800000)
Event: 2591.164 GC heap after
Heap after GC invocations=42 (full 11):
 PSYoungGen      total 520192K, used 0K [0x00000007d5d00000, 0x00000007fe680000, 0x0000000800000000)
  eden space 519680K, 0% used [0x00000007d5d00000,0x00000007d5d00000,0x00000007f5880000)
  from space 512K, 0% used [0x00000007f5880000,0x00000007f5880000,0x00000007f5900000)
  to   space 71168K, 0% used [0x00000007fa100000,0x00000007fa100000,0x00000007fe680000)
 ParOldGen       total 852992K, used 41619K [0x0000000781800000, 0x00000007b5900000, 0x00000007d5d00000)
  object space 852992K, 4% used [0x0000000781800000,0x00000007840a4f50,0x00000007b5900000)
 PSPermGen       total 83968K, used 83967K [0x000000077c600000, 0x0000000781800000, 0x0000000781800000)
  object space 83968K, 99% used [0x000000077c600000,0x00000007817ffdf0,0x0000000781800000)
}
Event: 2591.164 GC heap before
{Heap before GC invocations=43 (full 12):
 PSYoungGen      total 520192K, used 0K [0x00000007d5d00000, 0x00000007fe680000, 0x0000000800000000)
  eden space 519680K, 0% used [0x00000007d5d00000,0x00000007d5d00000,0x00000007f5880000)
  from space 512K, 0% used [0x00000007f5880000,0x00000007f5880000,0x00000007f5900000)
  to   space 71168K, 0% used [0x00000007fa100000,0x00000007fa100000,0x00000007fe680000)
 ParOldGen       total 852992K, used 41619K [0x0000000781800000, 0x00000007b5900000, 0x00000007d5d00000)
  object space 852992K, 4% used [0x0000000781800000,0x00000007840a4f50,0x00000007b5900000)
 PSPermGen       total 83968K, used 83967K [0x000000077c600000, 0x0000000781800000, 0x0000000781800000)
  object space 83968K, 99% used [0x000000077c600000,0x00000007817ffdf0,0x0000000781800000)
Event: 2591.338 GC heap after
Heap after GC invocations=43 (full 12):
 PSYoungGen      total 520192K, used 0K [0x00000007d5d00000, 0x00000007fe680000, 0x0000000800000000)
  eden space 519680K, 0% used [0x00000007d5d00000,0x00000007d5d00000,0x00000007f5880000)
  from space 512K, 0% used [0x00000007f5880000,0x00000007f5880000,0x00000007f5900000)
  to   space 71168K, 0% used [0x00000007fa100000,0x00000007fa100000,0x00000007fe680000)
 ParOldGen       total 1022976K, used 41619K [0x0000000781800000, 0x00000007bff00000, 0x00000007d5d00000)
  object space 1022976K, 4% used [0x0000000781800000,0x00000007840a4f50,0x00000007bff00000)
 PSPermGen       total 83968K, used 83967K [0x000000077c600000, 0x0000000781800000, 0x0000000781800000)
  object space 83968K, 99% used [0x000000077c600000,0x00000007817ffdf0,0x0000000781800000)
}

Deoptimization events (10 events):
Event: 2586.614 Thread 0x000000000d1e7000 Uncommon trap: reason=unhandled action=none pc=0x0000000002311740 method=java.lang.Class.getDeclaredMethod(Ljava/lang/String;[Ljava/lang/Class;)Ljava/lang/reflect/Method; @ 64
Event: 2586.614 Thread 0x000000000d1e7000 Uncommon trap: reason=unhandled action=none pc=0x0000000002311740 method=java.lang.Class.getDeclaredMethod(Ljava/lang/String;[Ljava/lang/Class;)Ljava/lang/reflect/Method; @ 64
Event: 2586.614 Thread 0x000000000d1e7000 Uncommon trap: reason=unhandled action=none pc=0x0000000002311740 method=java.lang.Class.getDeclaredMethod(Ljava/lang/String;[Ljava/lang/Class;)Ljava/lang/reflect/Method; @ 64
Event: 2586.614 Thread 0x000000000d1e7000 Uncommon trap: reason=unhandled action=none pc=0x0000000002311740 method=java.lang.Class.getDeclaredMethod(Ljava/lang/String;[Ljava/lang/Class;)Ljava/lang/reflect/Method; @ 64
Event: 2586.614 Thread 0x000000000d1e7000 Uncommon trap: reason=unhandled action=none pc=0x0000000002311740 method=java.lang.Class.getDeclaredMethod(Ljava/lang/String;[Ljava/lang/Class;)Ljava/lang/reflect/Method; @ 64
Event: 2586.615 Thread 0x000000000d1e7000 Uncommon trap: reason=unhandled action=none pc=0x000000000259442c method=java.net.URLClassLoader$1.run()Ljava/lang/Class; @ 72
Event: 2586.615 Thread 0x000000000d1e7000 Uncommon trap: reason=unhandled action=none pc=0x00000000024fd5d0 method=org.apache.naming.resources.BaseDirContext.lookup(Ljava/lang/String;)Ljava/lang/Object; @ 35
Event: 2586.624 Thread 0x000000000d1e7000 Uncommon trap: reason=unhandled action=none pc=0x000000000259442c method=java.net.URLClassLoader$1.run()Ljava/lang/Class; @ 72
Event: 2586.625 Thread 0x000000000d1e7000 Uncommon trap: reason=unhandled action=none pc=0x00000000024fd5d0 method=org.apache.naming.resources.BaseDirContext.lookup(Ljava/lang/String;)Ljava/lang/Object; @ 35
Event: 2586.629 Thread 0x000000000d1e7000 Uncommon trap: reason=unhandled action=none pc=0x00000000024fd5d0 method=org.apache.naming.resources.BaseDirContext.lookup(Ljava/lang/String;)Ljava/lang/Object; @ 35

Internal exceptions (10 events):
Event: 2585.780 Thread 0x000000000d1e7000 Threw 0x00000007d5d00770 at C:\re\jdk7u71\1605\hotspot\src\share\vm\prims\jvm.cpp:1281
Event: 2586.018 Thread 0x000000000d1e7000 Threw 0x00000007d5d00628 at C:\re\jdk7u71\1605\hotspot\src\share\vm\prims\jvm.cpp:1281
Event: 2586.025 Thread 0x000000000d1e7000 Threw 0x00000007d5d084d8 at C:\re\jdk7u71\1605\hotspot\src\share\vm\prims\jvm.cpp:1281
Event: 2586.027 Thread 0x000000000d1e7000 Threw 0x00000007d5d107f8 at C:\re\jdk7u71\1605\hotspot\src\share\vm\prims\jvm.cpp:1281
Event: 2586.028 Thread 0x000000000d1e7000 Threw 0x00000007d5d23128 at C:\re\jdk7u71\1605\hotspot\src\share\vm\prims\jvm.cpp:1281
Event: 2586.028 Thread 0x000000000d1e7000 Threw 0x00000007d5d28f28 at C:\re\jdk7u71\1605\hotspot\src\share\vm\prims\jvm.cpp:1281
Event: 2586.605 Thread 0x000000000d1e7000 Implicit null exception at 0x00000000023294bf to 0x0000000002329981
Event: 2586.615 Thread 0x000000000d1e7000 Threw 0x00000007d5de98e0 at C:\re\jdk7u71\1605\hotspot\src\share\vm\prims\jvm.cpp:1281
Event: 2586.625 Thread 0x000000000d1e7000 Threw 0x00000007d5e04ad0 at C:\re\jdk7u71\1605\hotspot\src\share\vm\prims\jvm.cpp:1281
Event: 2591.338 Thread 0x000000000a531000 Threw 0x000000077c6aca20 at C:\re\jdk7u71\1605\hotspot\src\share\vm\gc_interface/collectedHeap.inline.hpp:225

Events (10 events):
Event: 2586.629 Thread 0x000000000d1e7000 DEOPT UNPACKING pc=0x00000000021d92b9 sp=0x0000000010cee550 mode 1
Event: 2589.825 Executing VM operation: ParallelGCFailedPermanentAllocation
Event: 2590.025 Executing VM operation: ParallelGCFailedPermanentAllocation done
Event: 2590.025 Executing VM operation: ParallelGCFailedPermanentAllocation
Event: 2590.555 Executing VM operation: ParallelGCFailedPermanentAllocation done
Event: 2590.555 Executing VM operation: ParallelGCFailedPermanentAllocation
Event: 2590.991 Executing VM operation: ParallelGCFailedPermanentAllocation done
Event: 2590.991 Executing VM operation: RevokeBias
Event: 2591.338 Executing VM operation: RevokeBias done
Event: 2591.338 Executing VM operation: RevokeBias


Dynamic libraries:
0x00007ff634810000 - 0x00007ff634843000 	D:\neusoft\jdk1.7.0_71\bin\javaw.exe
0x00007ffcb6cb0000 - 0x00007ffcb6e56000 	C:\Windows\SYSTEM32\ntdll.dll
0x00007ffcb4810000 - 0x00007ffcb494a000 	C:\Windows\system32\KERNEL32.DLL
0x00007ffcb4140000 - 0x00007ffcb424f000 	C:\Windows\system32\KERNELBASE.dll
0x00007ffcb2c10000 - 0x00007ffcb2c98000 	C:\Windows\system32\apphelp.dll
0x00007ffca92d0000 - 0x00007ffca931f000 	C:\Windows\AppPatch\AppPatch64\AcGenral.DLL
0x00007ffcb4530000 - 0x00007ffcb45d7000 	C:\Windows\system32\msvcrt.dll
0x00007ffcb3ed0000 - 0x00007ffcb3efb000 	C:\Windows\SYSTEM32\SspiCli.dll
0x00007ffcb6200000 - 0x00007ffcb6251000 	C:\Windows\system32\SHLWAPI.dll
0x00007ffcb4690000 - 0x00007ffcb4801000 	C:\Windows\system32\USER32.dll
0x00007ffcb4b70000 - 0x00007ffcb4ce8000 	C:\Windows\system32\ole32.dll
0x00007ffcb4d90000 - 0x00007ffcb619f000 	C:\Windows\system32\SHELL32.dll
0x00007ffcb3690000 - 0x00007ffcb36ae000 	C:\Windows\SYSTEM32\USERENV.dll
0x00007ffcb6270000 - 0x00007ffcb6315000 	C:\Windows\system32\ADVAPI32.dll
0x00007ffca9050000 - 0x00007ffca906b000 	C:\Windows\SYSTEM32\MPR.dll
0x00007ffcb6b70000 - 0x00007ffcb6ca7000 	C:\Windows\system32\RPCRT4.dll
0x00007ffcb61a0000 - 0x00007ffcb61f7000 	C:\Windows\SYSTEM32\sechost.dll
0x00007ffcb67a0000 - 0x00007ffcb6976000 	C:\Windows\SYSTEM32\combase.dll
0x00007ffcb4a10000 - 0x00007ffcb4b54000 	C:\Windows\system32\GDI32.dll
0x00007ffcb4020000 - 0x00007ffcb4034000 	C:\Windows\SYSTEM32\profapi.dll
0x00007ffcb2890000 - 0x00007ffcb292f000 	C:\Windows\SYSTEM32\SHCORE.dll
0x00007ffcb4cf0000 - 0x00007ffcb4d24000 	C:\Windows\system32\IMM32.DLL
0x00007ffcb65c0000 - 0x00007ffcb66f9000 	C:\Windows\system32\MSCTF.dll
0x00007ffcb1980000 - 0x00007ffcb1bda000 	C:\Windows\WinSxS\amd64_microsoft.windows.common-controls_6595b64144ccf1df_6.0.9600.17031_none_6242a4b3ecbb55a1\COMCTL32.dll
0x0000000050310000 - 0x00000000503e2000 	D:\neusoft\jdk1.7.0_71\jre\bin\msvcr100.dll
0x0000000077820000 - 0x0000000077ff3000 	D:\neusoft\jdk1.7.0_71\jre\bin\server\jvm.dll
0x00007ffcac900000 - 0x00007ffcac909000 	C:\Windows\SYSTEM32\WSOCK32.dll
0x00007ffcaeb10000 - 0x00007ffcaeb2f000 	C:\Windows\SYSTEM32\WINMM.dll
0x00007ffcb6340000 - 0x00007ffcb6347000 	C:\Windows\system32\PSAPI.DLL
0x00007ffcb4950000 - 0x00007ffcb49a8000 	C:\Windows\system32\WS2_32.dll
0x00007ffcaeae0000 - 0x00007ffcaeb0a000 	C:\Windows\SYSTEM32\WINMMBASE.dll
0x00007ffcb4b60000 - 0x00007ffcb4b69000 	C:\Windows\system32\NSI.dll
0x00007ffcb40f0000 - 0x00007ffcb413a000 	C:\Windows\SYSTEM32\cfgmgr32.dll
0x00007ffcb2e80000 - 0x00007ffcb2ea6000 	C:\Windows\SYSTEM32\DEVOBJ.dll
0x00000000506f0000 - 0x00000000506ff000 	D:\neusoft\jdk1.7.0_71\jre\bin\verify.dll
0x00000000506c0000 - 0x00000000506e8000 	D:\neusoft\jdk1.7.0_71\jre\bin\java.dll
0x00000000502d0000 - 0x0000000050305000 	D:\neusoft\jdk1.7.0_71\jre\bin\jdwp.dll
0x00000000502c0000 - 0x00000000502c8000 	D:\neusoft\jdk1.7.0_71\jre\bin\npt.dll
0x00000000506a0000 - 0x00000000506b5000 	D:\neusoft\jdk1.7.0_71\jre\bin\zip.dll
0x00000000502b0000 - 0x00000000502b9000 	D:\neusoft\jdk1.7.0_71\jre\bin\dt_socket.dll
0x00007ffc98380000 - 0x00007ffc98394000 	C:\Windows\system32\napinsp.dll
0x00007ffc99770000 - 0x00007ffc99789000 	C:\Windows\system32\pnrpnsp.dll
0x00007ffcb1f00000 - 0x00007ffcb1f19000 	C:\Windows\system32\NLAapi.dll
0x00007ffcb3930000 - 0x00007ffcb3988000 	C:\Windows\System32\mswsock.dll
0x00007ffcb3740000 - 0x00007ffcb37e3000 	C:\Windows\SYSTEM32\DNSAPI.dll
0x00007ffc9a0b0000 - 0x00007ffc9a0bc000 	C:\Windows\System32\winrnr.dll
0x00007ffc9baf0000 - 0x00007ffc9bb03000 	C:\Windows\system32\wshbth.dll
0x0000000050bb0000 - 0x0000000050bd6000 	C:\Program Files\Bonjour\mdnsNSP.dll
0x00007ffcade50000 - 0x00007ffcade79000 	C:\Windows\SYSTEM32\Iphlpapi.DLL
0x00007ffcadef0000 - 0x00007ffcadefa000 	C:\Windows\SYSTEM32\WINNSI.DLL
0x00007ffcade80000 - 0x00007ffcadee8000 	C:\Windows\System32\fwpuclnt.dll
0x00007ffcaaa80000 - 0x00007ffcaaa89000 	C:\Windows\System32\rasadhlp.dll
0x00000000502a0000 - 0x00000000502ab000 	D:\neusoft\jdk1.7.0_71\jre\bin\management.dll
0x0000000050680000 - 0x0000000050699000 	D:\neusoft\jdk1.7.0_71\jre\bin\net.dll
0x0000000050660000 - 0x0000000050671000 	D:\neusoft\jdk1.7.0_71\jre\bin\nio.dll
0x0000000050630000 - 0x0000000050654000 	D:\neusoft\jdk1.7.0_71\jre\bin\sunec.dll
0x0000000050290000 - 0x000000005029b000 	D:\neusoft\jdk1.7.0_71\jre\bin\sunmscapi.dll
0x00007ffcb4350000 - 0x00007ffcb452f000 	C:\Windows\system32\CRYPT32.dll
0x00007ffcb40d0000 - 0x00007ffcb40e2000 	C:\Windows\system32\MSASN1.dll
0x00007ffcb3990000 - 0x00007ffcb39ae000 	C:\Windows\SYSTEM32\CRYPTSP.dll
0x00007ffcb3580000 - 0x00007ffcb35b5000 	C:\Windows\system32\rsaenh.dll
0x00007ffcb3bd0000 - 0x00007ffcb3bf6000 	C:\Windows\SYSTEM32\bcrypt.dll
0x00007ffcb3f00000 - 0x00007ffcb3f60000 	C:\Windows\system32\bcryptprimitives.dll
0x00007ffcb3f60000 - 0x00007ffcb3f6a000 	C:\Windows\SYSTEM32\CRYPTBASE.dll
0x00007ffcadcc0000 - 0x00007ffcadcd4000 	C:\Windows\SYSTEM32\dhcpcsvc6.DLL
0x00007ffcadda0000 - 0x00007ffcaddb9000 	C:\Windows\SYSTEM32\dhcpcsvc.DLL

VM Arguments:
jvm_args: -agentlib:jdwp=transport=dt_socket,suspend=y,address=localhost:50228 -Dcatalina.home=D:\neusoft\apache-tomcat-mooc-dx -Djava.endorsed.dirs=D:\neusoft\apache-tomcat-mooc-dx\endorsed -Dcatalina.base=D:\neusoft\apache-tomcat-mooc-dx -Djava.io.tmpdir=D:\neusoft\apache-tomcat-mooc-dx\temp -Dfile.encoding=UTF-8 
java_command: org.apache.catalina.startup.Bootstrap start
Launcher Type: SUN_STANDARD

Environment Variables:
JAVA_HOME=D:\neusoft\jdk1.7.0_71
CLASSPATH=.;D:\neusoft\jdk1.7.0_71\lib\dt.jar;D:\neusoft\jdk1.7.0_71\lib\tools.jar;
PATH=D:\neusoft\jdk1.7.0_71\jre\bin;D:/neusoft/jdk1.7.0_71/bin/../jre/bin/server;D:/neusoft/jdk1.7.0_71/bin/../jre/bin;D:/neusoft/jdk1.7.0_71/bin/../jre/lib/amd64;D:\neusoft\jdk1.7.0_71\bin;D:\neusoft\eclipse;
USERNAME=Zhenchi
OS=Windows_NT
PROCESSOR_IDENTIFIER=Intel64 Family 6 Model 69 Stepping 1, GenuineIntel



---------------  S Y S T E M  ---------------

OS: Windows 8.1 , 64 bit Build 9600 

CPU:total 4 (2 cores per cpu, 2 threads per core) family 6 model 69 stepping 1, cmov, cx8, fxsr, mmx, sse, sse2, sse3, ssse3, sse4.1, sse4.2, popcnt, avx, avx2, aes, erms, ht, tsc, tscinvbit

Memory: 4k page, physical 8283244k(1204092k free), swap 12850024k(1772724k free)

vm_info: Java HotSpot(TM) 64-Bit Server VM (24.71-b01) for windows-amd64 JRE (1.7.0_71-b14), built on Sep 26 2014 16:16:12 by "java_re" with unknown MS VC++:1600

time: Thu Jan 07 15:00:51 2016
elapsed time: 2591 seconds

