2015-12-11 11:14:09,754 - Initializing Velocity, Calling init()...
2015-12-11 11:14:09,755 - Starting Apache Velocity v1.7 (compiled: 2010-11-19 12:14:37)
2015-12-11 11:14:09,755 - Default Properties File: org\apache\velocity\runtime\defaults\velocity.properties
2015-12-11 11:14:09,755 - Trying to use logger class org.apache.velocity.runtime.log.AvalonLogChute
2015-12-11 11:14:09,755 - Target log system for org.apache.velocity.runtime.log.AvalonLogChute is not available (java.lang.NoClassDefFoundError: org/apache/log/format/Formatter).  Falling back to next log system...
2015-12-11 11:14:09,755 - Trying to use logger class org.apache.velocity.runtime.log.Log4JLogChute
2015-12-11 11:14:09,755 - Using logger class org.apache.velocity.runtime.log.Log4JLogChute
2015-12-11 11:14:09,761 - ResourceLoader instantiated: org.apache.velocity.runtime.resource.loader.FileResourceLoader
2015-12-11 11:14:09,762 - Do unicode file recognition:  false
2015-12-11 11:14:09,762 - FileResourceLoader : adding path '.'
2015-12-11 11:14:09,778 - ResourceCache: initialized (class org.apache.velocity.runtime.resource.ResourceCacheImpl) with class java.util.Collections$SynchronizedMap cache map.
2015-12-11 11:14:09,780 - Loaded System Directive: org.apache.velocity.runtime.directive.Stop
2015-12-11 11:14:09,782 - Loaded System Directive: org.apache.velocity.runtime.directive.Define
2015-12-11 11:14:09,783 - Loaded System Directive: org.apache.velocity.runtime.directive.Break
2015-12-11 11:14:09,784 - Loaded System Directive: org.apache.velocity.runtime.directive.Evaluate
2015-12-11 11:14:09,785 - Loaded System Directive: org.apache.velocity.runtime.directive.Literal
2015-12-11 11:14:09,787 - Loaded System Directive: org.apache.velocity.runtime.directive.Macro
2015-12-11 11:14:09,789 - Loaded System Directive: org.apache.velocity.runtime.directive.Parse
2015-12-11 11:14:09,791 - Loaded System Directive: org.apache.velocity.runtime.directive.Include
2015-12-11 11:14:09,792 - Loaded System Directive: org.apache.velocity.runtime.directive.Foreach
2015-12-11 11:14:09,827 - Created '20' parsers.
2015-12-11 11:14:09,846 - Velocimacro : "velocimacro.library" is not set.  Trying default library: VM_global_library.vm
2015-12-11 11:14:09,846 - Velocimacro : Default library not found.
2015-12-11 11:14:09,846 - Velocimacro : allowInline = true : VMs can be defined inline in templates
2015-12-11 11:14:09,847 - Velocimacro : allowInlineToOverride = false : VMs defined inline may NOT replace previous VM definitions
2015-12-11 11:14:09,847 - Velocimacro : allowInlineLocal = false : VMs defined inline will be global in scope if allowed.
2015-12-11 11:14:09,847 - Velocimacro : autoload off : VM system will not automatically reload global library macros
2015-12-11 11:31:31,057 - Log4JLogChute initialized using file 'velocity.log'
2015-12-11 11:31:31,058 - Initializing Velocity, Calling init()...
2015-12-11 11:31:31,058 - Starting Apache Velocity v1.7 (compiled: 2010-11-19 12:14:37)
2015-12-11 11:31:31,058 - Default Properties File: org\apache\velocity\runtime\defaults\velocity.properties
2015-12-11 11:31:31,058 - Trying to use logger class org.apache.velocity.runtime.log.AvalonLogChute
2015-12-11 11:31:31,058 - Target log system for org.apache.velocity.runtime.log.AvalonLogChute is not available (java.lang.NoClassDefFoundError: org/apache/log/format/Formatter).  Falling back to next log system...
2015-12-11 11:31:31,058 - Trying to use logger class org.apache.velocity.runtime.log.Log4JLogChute
2015-12-11 11:31:31,058 - Using logger class org.apache.velocity.runtime.log.Log4JLogChute
2015-12-11 11:31:31,065 - ResourceLoader instantiated: org.apache.velocity.runtime.resource.loader.FileResourceLoader
2015-12-11 11:31:31,067 - Do unicode file recognition:  false
2015-12-11 11:31:31,067 - FileResourceLoader : adding path '.'
2015-12-11 11:31:31,080 - ResourceCache: initialized (class org.apache.velocity.runtime.resource.ResourceCacheImpl) with class java.util.Collections$SynchronizedMap cache map.
2015-12-11 11:31:31,082 - Loaded System Directive: org.apache.velocity.runtime.directive.Stop
2015-12-11 11:31:31,084 - Loaded System Directive: org.apache.velocity.runtime.directive.Define
2015-12-11 11:31:31,085 - Loaded System Directive: org.apache.velocity.runtime.directive.Break
2015-12-11 11:31:31,086 - Loaded System Directive: org.apache.velocity.runtime.directive.Evaluate
2015-12-11 11:31:31,087 - Loaded System Directive: org.apache.velocity.runtime.directive.Literal
2015-12-11 11:31:31,089 - Loaded System Directive: org.apache.velocity.runtime.directive.Macro
2015-12-11 11:31:31,091 - Loaded System Directive: org.apache.velocity.runtime.directive.Parse
2015-12-11 11:31:31,094 - Loaded System Directive: org.apache.velocity.runtime.directive.Include
2015-12-11 11:31:31,097 - Loaded System Directive: org.apache.velocity.runtime.directive.Foreach
2015-12-11 11:31:31,158 - Created '20' parsers.
2015-12-11 11:31:31,174 - Velocimacro : "velocimacro.library" is not set.  Trying default library: VM_global_library.vm
2015-12-11 11:31:31,175 - Velocimacro : Default library not found.
2015-12-11 11:31:31,175 - Velocimacro : allowInline = true : VMs can be defined inline in templates
2015-12-11 11:31:31,175 - Velocimacro : allowInlineToOverride = false : VMs defined inline may NOT replace previous VM definitions
2015-12-11 11:31:31,175 - Velocimacro : allowInlineLocal = false : VMs defined inline will be global in scope if allowed.
2015-12-11 11:31:31,175 - Velocimacro : autoload off : VM system will not automatically reload global library macros
2015-12-15 10:04:34,995 - Log4JLogChute initialized using file 'velocity.log'
2015-12-15 10:04:34,995 - Initializing Velocity, Calling init()...
2015-12-15 10:04:34,995 - Starting Apache Velocity v1.7 (compiled: 2010-11-19 12:14:37)
2015-12-15 10:04:34,995 - Default Properties File: org\apache\velocity\runtime\defaults\velocity.properties
2015-12-15 10:04:34,995 - Trying to use logger class org.apache.velocity.runtime.log.AvalonLogChute
2015-12-15 10:04:34,995 - Target log system for org.apache.velocity.runtime.log.AvalonLogChute is not available (java.lang.NoClassDefFoundError: org/apache/log/format/Formatter).  Falling back to next log system...
2015-12-15 10:04:34,995 - Trying to use logger class org.apache.velocity.runtime.log.Log4JLogChute
2015-12-15 10:04:34,995 - Using logger class org.apache.velocity.runtime.log.Log4JLogChute
2015-12-15 10:04:35,002 - ResourceLoader instantiated: org.apache.velocity.runtime.resource.loader.FileResourceLoader
2015-12-15 10:04:35,004 - Do unicode file recognition:  false
2015-12-15 10:04:35,004 - FileResourceLoader : adding path '.'
2015-12-15 10:04:35,016 - ResourceCache: initialized (class org.apache.velocity.runtime.resource.ResourceCacheImpl) with class java.util.Collections$SynchronizedMap cache map.
2015-12-15 10:04:35,018 - Loaded System Directive: org.apache.velocity.runtime.directive.Stop
2015-12-15 10:04:35,020 - Loaded System Directive: org.apache.velocity.runtime.directive.Define
2015-12-15 10:04:35,022 - Loaded System Directive: org.apache.velocity.runtime.directive.Break
2015-12-15 10:04:35,023 - Loaded System Directive: org.apache.velocity.runtime.directive.Evaluate
2015-12-15 10:04:35,024 - Loaded System Directive: org.apache.velocity.runtime.directive.Literal
2015-12-15 10:04:35,027 - Loaded System Directive: org.apache.velocity.runtime.directive.Macro
2015-12-15 10:04:35,029 - Loaded System Directive: org.apache.velocity.runtime.directive.Parse
2015-12-15 10:04:35,031 - Loaded System Directive: org.apache.velocity.runtime.directive.Include
2015-12-15 10:04:35,032 - Loaded System Directive: org.apache.velocity.runtime.directive.Foreach
2015-12-15 10:04:35,069 - Created '20' parsers.
2015-12-15 10:04:35,077 - Velocimacro : "velocimacro.library" is not set.  Trying default library: VM_global_library.vm
2015-12-15 10:04:35,078 - Velocimacro : Default library not found.
2015-12-15 10:04:35,078 - Velocimacro : allowInline = true : VMs can be defined inline in templates
2015-12-15 10:04:35,078 - Velocimacro : allowInlineToOverride = false : VMs defined inline may NOT replace previous VM definitions
2015-12-15 10:04:35,078 - Velocimacro : allowInlineLocal = false : VMs defined inline will be global in scope if allowed.
2015-12-15 10:04:35,078 - Velocimacro : autoload off : VM system will not automatically reload global library macros
2015-12-23 13:56:35,988 - Log4JLogChute initialized using file 'velocity.log'
2015-12-23 13:56:35,988 - Initializing Velocity, Calling init()...
2015-12-23 13:56:35,988 - Starting Apache Velocity v1.7 (compiled: 2010-11-19 12:14:37)
2015-12-23 13:56:35,988 - Default Properties File: org\apache\velocity\runtime\defaults\velocity.properties
2015-12-23 13:56:35,988 - Trying to use logger class org.apache.velocity.runtime.log.AvalonLogChute
2015-12-23 13:56:35,988 - Target log system for org.apache.velocity.runtime.log.AvalonLogChute is not available (java.lang.NoClassDefFoundError: org/apache/log/format/Formatter).  Falling back to next log system...
2015-12-23 13:56:35,988 - Trying to use logger class org.apache.velocity.runtime.log.Log4JLogChute
2015-12-23 13:56:35,988 - Using logger class org.apache.velocity.runtime.log.Log4JLogChute
2015-12-23 13:56:35,996 - ResourceLoader instantiated: org.apache.velocity.runtime.resource.loader.FileResourceLoader
2015-12-23 13:56:35,999 - Do unicode file recognition:  false
2015-12-23 13:56:35,999 - FileResourceLoader : adding path '.'
2015-12-23 13:56:36,158 - ResourceCache: initialized (class org.apache.velocity.runtime.resource.ResourceCacheImpl) with class java.util.Collections$SynchronizedMap cache map.
2015-12-23 13:56:36,160 - Loaded System Directive: org.apache.velocity.runtime.directive.Stop
2015-12-23 13:56:36,161 - Loaded System Directive: org.apache.velocity.runtime.directive.Define
2015-12-23 13:56:36,162 - Loaded System Directive: org.apache.velocity.runtime.directive.Break
2015-12-23 13:56:36,164 - Loaded System Directive: org.apache.velocity.runtime.directive.Evaluate
2015-12-23 13:56:36,165 - Loaded System Directive: org.apache.velocity.runtime.directive.Literal
2015-12-23 13:56:36,168 - Loaded System Directive: org.apache.velocity.runtime.directive.Macro
2015-12-23 13:56:36,170 - Loaded System Directive: org.apache.velocity.runtime.directive.Parse
2015-12-23 13:56:36,171 - Loaded System Directive: org.apache.velocity.runtime.directive.Include
2015-12-23 13:56:36,173 - Loaded System Directive: org.apache.velocity.runtime.directive.Foreach
2015-12-23 13:56:36,231 - Created '20' parsers.
2015-12-23 13:56:36,244 - Velocimacro : "velocimacro.library" is not set.  Trying default library: VM_global_library.vm
2015-12-23 13:56:36,244 - Velocimacro : Default library not found.
2015-12-23 13:56:36,244 - Velocimacro : allowInline = true : VMs can be defined inline in templates
2015-12-23 13:56:36,244 - Velocimacro : allowInlineToOverride = false : VMs defined inline may NOT replace previous VM definitions
2015-12-23 13:56:36,244 - Velocimacro : allowInlineLocal = false : VMs defined inline will be global in scope if allowed.
2015-12-23 13:56:36,244 - Velocimacro : autoload off : VM system will not automatically reload global library macros
2015-12-29 15:06:34,195 - Log4JLogChute initialized using file 'velocity.log'
2015-12-29 15:06:34,202 - Initializing Velocity, Calling init()...
2015-12-29 15:06:34,202 - Starting Apache Velocity v1.7 (compiled: 2010-11-19 12:14:37)
2015-12-29 15:06:34,202 - Default Properties File: org\apache\velocity\runtime\defaults\velocity.properties
2015-12-29 15:06:34,202 - Trying to use logger class org.apache.velocity.runtime.log.AvalonLogChute
2015-12-29 15:06:34,202 - Target log system for org.apache.velocity.runtime.log.AvalonLogChute is not available (java.lang.NoClassDefFoundError: org/apache/log/format/Formatter).  Falling back to next log system...
2015-12-29 15:06:34,202 - Trying to use logger class org.apache.velocity.runtime.log.Log4JLogChute
2015-12-29 15:06:34,202 - Using logger class org.apache.velocity.runtime.log.Log4JLogChute
2015-12-29 15:06:34,213 - ResourceLoader instantiated: org.apache.velocity.runtime.resource.loader.FileResourceLoader
2015-12-29 15:06:34,215 - Do unicode file recognition:  false
2015-12-29 15:06:34,215 - FileResourceLoader : adding path '.'
2015-12-29 15:06:34,262 - ResourceCache: initialized (class org.apache.velocity.runtime.resource.ResourceCacheImpl) with class java.util.Collections$SynchronizedMap cache map.
2015-12-29 15:06:34,264 - Loaded System Directive: org.apache.velocity.runtime.directive.Stop
2015-12-29 15:06:34,266 - Loaded System Directive: org.apache.velocity.runtime.directive.Define
2015-12-29 15:06:34,268 - Loaded System Directive: org.apache.velocity.runtime.directive.Break
2015-12-29 15:06:34,270 - Loaded System Directive: org.apache.velocity.runtime.directive.Evaluate
2015-12-29 15:06:34,271 - Loaded System Directive: org.apache.velocity.runtime.directive.Literal
2015-12-29 15:06:34,273 - Loaded System Directive: org.apache.velocity.runtime.directive.Macro
2015-12-29 15:06:34,276 - Loaded System Directive: org.apache.velocity.runtime.directive.Parse
2015-12-29 15:06:34,280 - Loaded System Directive: org.apache.velocity.runtime.directive.Include
2015-12-29 15:06:34,281 - Loaded System Directive: org.apache.velocity.runtime.directive.Foreach
2015-12-29 15:06:34,369 - Created '20' parsers.
2015-12-29 15:06:34,383 - Velocimacro : "velocimacro.library" is not set.  Trying default library: VM_global_library.vm
2015-12-29 15:06:34,383 - Velocimacro : Default library not found.
2015-12-29 15:06:34,383 - Velocimacro : allowInline = true : VMs can be defined inline in templates
2015-12-29 15:06:34,383 - Velocimacro : allowInlineToOverride = false : VMs defined inline may NOT replace previous VM definitions
2015-12-29 15:06:34,383 - Velocimacro : allowInlineLocal = false : VMs defined inline will be global in scope if allowed.
2015-12-29 15:06:34,383 - Velocimacro : autoload off : VM system will not automatically reload global library macros
2015-12-29 15:16:19,770 - Log4JLogChute initialized using file 'velocity.log'
2015-12-29 15:16:19,770 - Initializing Velocity, Calling init()...
2015-12-29 15:16:19,770 - Starting Apache Velocity v1.7 (compiled: 2010-11-19 12:14:37)
2015-12-29 15:16:19,770 - Default Properties File: org\apache\velocity\runtime\defaults\velocity.properties
2015-12-29 15:16:19,770 - Trying to use logger class org.apache.velocity.runtime.log.AvalonLogChute
2015-12-29 15:16:19,770 - Target log system for org.apache.velocity.runtime.log.AvalonLogChute is not available (java.lang.NoClassDefFoundError: org/apache/log/format/Formatter).  Falling back to next log system...
2015-12-29 15:16:19,770 - Trying to use logger class org.apache.velocity.runtime.log.Log4JLogChute
2015-12-29 15:16:19,770 - Using logger class org.apache.velocity.runtime.log.Log4JLogChute
2015-12-29 15:16:19,782 - ResourceLoader instantiated: org.apache.velocity.runtime.resource.loader.FileResourceLoader
2015-12-29 15:16:19,785 - Do unicode file recognition:  false
2015-12-29 15:16:19,786 - FileResourceLoader : adding path '.'
2015-12-29 15:16:19,804 - ResourceCache: initialized (class org.apache.velocity.runtime.resource.ResourceCacheImpl) with class java.util.Collections$SynchronizedMap cache map.
2015-12-29 15:16:19,809 - Loaded System Directive: org.apache.velocity.runtime.directive.Stop
2015-12-29 15:16:19,813 - Loaded System Directive: org.apache.velocity.runtime.directive.Define
2015-12-29 15:16:19,815 - Loaded System Directive: org.apache.velocity.runtime.directive.Break
2015-12-29 15:16:19,817 - Loaded System Directive: org.apache.velocity.runtime.directive.Evaluate
2015-12-29 15:16:19,818 - Loaded System Directive: org.apache.velocity.runtime.directive.Literal
2015-12-29 15:16:19,821 - Loaded System Directive: org.apache.velocity.runtime.directive.Macro
2015-12-29 15:16:19,824 - Loaded System Directive: org.apache.velocity.runtime.directive.Parse
2015-12-29 15:16:19,826 - Loaded System Directive: org.apache.velocity.runtime.directive.Include
2015-12-29 15:16:19,828 - Loaded System Directive: org.apache.velocity.runtime.directive.Foreach
2015-12-29 15:16:19,902 - Created '20' parsers.
2015-12-29 15:16:19,916 - Velocimacro : "velocimacro.library" is not set.  Trying default library: VM_global_library.vm
2015-12-29 15:16:19,916 - Velocimacro : Default library not found.
2015-12-29 15:16:19,916 - Velocimacro : allowInline = true : VMs can be defined inline in templates
2015-12-29 15:16:19,916 - Velocimacro : allowInlineToOverride = false : VMs defined inline may NOT replace previous VM definitions
2015-12-29 15:16:19,916 - Velocimacro : allowInlineLocal = false : VMs defined inline will be global in scope if allowed.
2015-12-29 15:16:19,916 - Velocimacro : autoload off : VM system will not automatically reload global library macros
2015-12-29 15:32:46,188 - Log4JLogChute initialized using file 'velocity.log'
2015-12-29 15:32:46,188 - Initializing Velocity, Calling init()...
2015-12-29 15:32:46,188 - Starting Apache Velocity v1.7 (compiled: 2010-11-19 12:14:37)
2015-12-29 15:32:46,188 - Default Properties File: org\apache\velocity\runtime\defaults\velocity.properties
2015-12-29 15:32:46,188 - Trying to use logger class org.apache.velocity.runtime.log.AvalonLogChute
2015-12-29 15:32:46,188 - Target log system for org.apache.velocity.runtime.log.AvalonLogChute is not available (java.lang.NoClassDefFoundError: org/apache/log/format/Formatter).  Falling back to next log system...
2015-12-29 15:32:46,188 - Trying to use logger class org.apache.velocity.runtime.log.Log4JLogChute
2015-12-29 15:32:46,189 - Using logger class org.apache.velocity.runtime.log.Log4JLogChute
2015-12-29 15:32:46,198 - ResourceLoader instantiated: org.apache.velocity.runtime.resource.loader.FileResourceLoader
2015-12-29 15:32:46,200 - Do unicode file recognition:  false
2015-12-29 15:32:46,200 - FileResourceLoader : adding path '.'
2015-12-29 15:32:46,217 - ResourceCache: initialized (class org.apache.velocity.runtime.resource.ResourceCacheImpl) with class java.util.Collections$SynchronizedMap cache map.
2015-12-29 15:32:46,220 - Loaded System Directive: org.apache.velocity.runtime.directive.Stop
2015-12-29 15:32:46,223 - Loaded System Directive: org.apache.velocity.runtime.directive.Define
2015-12-29 15:32:46,225 - Loaded System Directive: org.apache.velocity.runtime.directive.Break
2015-12-29 15:32:46,227 - Loaded System Directive: org.apache.velocity.runtime.directive.Evaluate
2015-12-29 15:32:46,229 - Loaded System Directive: org.apache.velocity.runtime.directive.Literal
2015-12-29 15:32:46,232 - Loaded System Directive: org.apache.velocity.runtime.directive.Macro
2015-12-29 15:32:46,235 - Loaded System Directive: org.apache.velocity.runtime.directive.Parse
2015-12-29 15:32:46,237 - Loaded System Directive: org.apache.velocity.runtime.directive.Include
2015-12-29 15:32:46,239 - Loaded System Directive: org.apache.velocity.runtime.directive.Foreach
2015-12-29 15:32:46,341 - Created '20' parsers.
2015-12-29 15:32:46,358 - Velocimacro : "velocimacro.library" is not set.  Trying default library: VM_global_library.vm
2015-12-29 15:32:46,358 - Velocimacro : Default library not found.
2015-12-29 15:32:46,358 - Velocimacro : allowInline = true : VMs can be defined inline in templates
2015-12-29 15:32:46,358 - Velocimacro : allowInlineToOverride = false : VMs defined inline may NOT replace previous VM definitions
2015-12-29 15:32:46,358 - Velocimacro : allowInlineLocal = false : VMs defined inline will be global in scope if allowed.
2015-12-29 15:32:46,358 - Velocimacro : autoload off : VM system will not automatically reload global library macros
2016-01-11 09:25:30,729 - Log4JLogChute initialized using file 'velocity.log'
2016-01-11 09:25:30,740 - Initializing Velocity, Calling init()...
2016-01-11 09:25:30,740 - Starting Apache Velocity v1.7 (compiled: 2010-11-19 12:14:37)
2016-01-11 09:25:30,740 - Default Properties File: org\apache\velocity\runtime\defaults\velocity.properties
2016-01-11 09:25:30,740 - Trying to use logger class org.apache.velocity.runtime.log.AvalonLogChute
2016-01-11 09:25:30,740 - Target log system for org.apache.velocity.runtime.log.AvalonLogChute is not available (java.lang.NoClassDefFoundError: org/apache/log/format/Formatter).  Falling back to next log system...
2016-01-11 09:25:30,740 - Trying to use logger class org.apache.velocity.runtime.log.Log4JLogChute
2016-01-11 09:25:30,740 - Using logger class org.apache.velocity.runtime.log.Log4JLogChute
2016-01-11 09:25:30,747 - ResourceLoader instantiated: org.apache.velocity.runtime.resource.loader.FileResourceLoader
2016-01-11 09:25:30,748 - Do unicode file recognition:  false
2016-01-11 09:25:30,748 - FileResourceLoader : adding path '.'
2016-01-11 09:25:30,756 - ResourceCache: initialized (class org.apache.velocity.runtime.resource.ResourceCacheImpl) with class java.util.Collections$SynchronizedMap cache map.
2016-01-11 09:25:30,760 - Loaded System Directive: org.apache.velocity.runtime.directive.Stop
2016-01-11 09:25:30,762 - Loaded System Directive: org.apache.velocity.runtime.directive.Define
2016-01-11 09:25:30,763 - Loaded System Directive: org.apache.velocity.runtime.directive.Break
2016-01-11 09:25:30,764 - Loaded System Directive: org.apache.velocity.runtime.directive.Evaluate
2016-01-11 09:25:30,765 - Loaded System Directive: org.apache.velocity.runtime.directive.Literal
2016-01-11 09:25:30,767 - Loaded System Directive: org.apache.velocity.runtime.directive.Macro
2016-01-11 09:25:30,768 - Loaded System Directive: org.apache.velocity.runtime.directive.Parse
2016-01-11 09:25:30,770 - Loaded System Directive: org.apache.velocity.runtime.directive.Include
2016-01-11 09:25:30,771 - Loaded System Directive: org.apache.velocity.runtime.directive.Foreach
2016-01-11 09:25:30,822 - Created '20' parsers.
2016-01-11 09:25:30,841 - Velocimacro : "velocimacro.library" is not set.  Trying default library: VM_global_library.vm
2016-01-11 09:25:30,841 - Velocimacro : Default library not found.
2016-01-11 09:25:30,841 - Velocimacro : allowInline = true : VMs can be defined inline in templates
2016-01-11 09:25:30,841 - Velocimacro : allowInlineToOverride = false : VMs defined inline may NOT replace previous VM definitions
2016-01-11 09:25:30,841 - Velocimacro : allowInlineLocal = false : VMs defined inline will be global in scope if allowed.
2016-01-11 09:25:30,841 - Velocimacro : autoload off : VM system will not automatically reload global library macros
