2018-04-23 09:33:47,648 DEBUG [org.myframework.jdbc.sqlconfig.impl.XmlSqlConfig] - <load sqlconfig from dirctory :C:\Users\jason.zhenchi.ye\Desktop\YIJIANG\yjProject\webapp\WEB-INF\classes\sql>
2018-04-23 09:36:24,694 WARN [org.springframework.web.servlet.PageNotFound] - <No mapping found for HTTP request with URI [/webDemo/front/favicon.ico] in DispatcherServlet with name 'spring'>
2018-04-23 10:06:21,389 WARN [org.springframework.web.servlet.PageNotFound] - <No mapping found for HTTP request with URI [/webDemo/front/images/thumbs/1.jpg] in DispatcherServlet with name 'spring'>
2018-04-23 10:06:21,393 WARN [org.springframework.web.servlet.PageNotFound] - <No mapping found for HTTP request with URI [/webDemo/front/images/thumbs/3.jpg] in DispatcherServlet with name 'spring'>
2018-04-23 10:06:21,394 WARN [org.springframework.web.servlet.PageNotFound] - <No mapping found for HTTP request with URI [/webDemo/front/images/thumbs/2.jpg] in DispatcherServlet with name 'spring'>
2018-04-23 10:06:21,395 WARN [org.springframework.web.servlet.PageNotFound] - <No mapping found for HTTP request with URI [/webDemo/front/images/thumbs/5.jpg] in DispatcherServlet with name 'spring'>
2018-04-23 10:06:21,394 WARN [org.springframework.web.servlet.PageNotFound] - <No mapping found for HTTP request with URI [/webDemo/front/images/thumbs/4.jpg] in DispatcherServlet with name 'spring'>
2018-04-23 10:06:21,438 WARN [org.springframework.web.servlet.PageNotFound] - <No mapping found for HTTP request with URI [/webDemo/front/images/thumbs/6.jpg] in DispatcherServlet with name 'spring'>
2018-04-23 10:06:21,439 WARN [org.springframework.web.servlet.PageNotFound] - <No mapping found for HTTP request with URI [/webDemo/front/images/thumbs/7.jpg] in DispatcherServlet with name 'spring'>
2018-04-23 10:06:21,443 WARN [org.springframework.web.servlet.PageNotFound] - <No mapping found for HTTP request with URI [/webDemo/front/images/thumbs/9.jpg] in DispatcherServlet with name 'spring'>
2018-04-23 10:06:21,445 WARN [org.springframework.web.servlet.PageNotFound] - <No mapping found for HTTP request with URI [/webDemo/front/images/thumbs/8.jpg] in DispatcherServlet with name 'spring'>
2018-04-23 10:06:21,443 WARN [org.springframework.web.servlet.PageNotFound] - <No mapping found for HTTP request with URI [/webDemo/front/images/thumbs/10.jpg] in DispatcherServlet with name 'spring'>
2018-04-23 10:43:39,497 WARN [org.springframework.web.servlet.handler.SimpleMappingExceptionResolver
			] - <Handler execution resulted in exception>
ClientAbortException:  java.io.IOException
	at org.apache.catalina.connector.OutputBuffer.realWriteBytes(OutputBuffer.java:407)
	at org.apache.tomcat.util.buf.ByteChunk.flushBuffer(ByteChunk.java:480)
	at org.apache.tomcat.util.buf.ByteChunk.append(ByteChunk.java:366)
	at org.apache.catalina.connector.OutputBuffer.writeBytes(OutputBuffer.java:432)
	at org.apache.catalina.connector.OutputBuffer.write(OutputBuffer.java:420)
	at org.apache.catalina.connector.CoyoteOutputStream.write(CoyoteOutputStream.java:91)
	at org.springframework.util.StreamUtils.copy(StreamUtils.java:124)
	at org.springframework.web.servlet.resource.ResourceHttpRequestHandler.writeContent(ResourceHttpRequestHandler.java:304)
	at org.springframework.web.servlet.resource.ResourceHttpRequestHandler.handleRequest(ResourceHttpRequestHandler.java:214)
	at org.springframework.web.servlet.mvc.HttpRequestHandlerAdapter.handle(HttpRequestHandlerAdapter.java:51)
	at org.springframework.web.servlet.DispatcherServlet.doDispatch(DispatcherServlet.java:943)
	at org.springframework.web.servlet.DispatcherServlet.doService(DispatcherServlet.java:877)
	at org.springframework.web.servlet.FrameworkServlet.processRequest(FrameworkServlet.java:966)
	at org.springframework.web.servlet.FrameworkServlet.doGet(FrameworkServlet.java:857)
	at javax.servlet.http.HttpServlet.service(HttpServlet.java:620)
	at org.springframework.web.servlet.FrameworkServlet.service(FrameworkServlet.java:842)
	at javax.servlet.http.HttpServlet.service(HttpServlet.java:727)
	at org.apache.catalina.core.ApplicationFilterChain.internalDoFilter(ApplicationFilterChain.java:303)
	at org.apache.catalina.core.ApplicationFilterChain.doFilter(ApplicationFilterChain.java:208)
	at org.apache.tomcat.websocket.server.WsFilter.doFilter(WsFilter.java:52)
	at org.apache.catalina.core.ApplicationFilterChain.internalDoFilter(ApplicationFilterChain.java:241)
	at org.apache.catalina.core.ApplicationFilterChain.doFilter(ApplicationFilterChain.java:208)
	at org.springframework.web.filter.CharacterEncodingFilter.doFilterInternal(CharacterEncodingFilter.java:88)
	at org.springframework.web.filter.OncePerRequestFilter.doFilter(OncePerRequestFilter.java:107)
	at org.apache.catalina.core.ApplicationFilterChain.internalDoFilter(ApplicationFilterChain.java:241)
	at org.apache.catalina.core.ApplicationFilterChain.doFilter(ApplicationFilterChain.java:208)
	at org.apache.catalina.core.StandardWrapperValve.invoke(StandardWrapperValve.java:220)
	at org.apache.catalina.core.StandardContextValve.invoke(StandardContextValve.java:122)
	at org.apache.catalina.authenticator.AuthenticatorBase.invoke(AuthenticatorBase.java:503)
	at org.apache.catalina.core.StandardHostValve.invoke(StandardHostValve.java:170)
	at org.apache.catalina.valves.ErrorReportValve.invoke(ErrorReportValve.java:103)
	at org.apache.catalina.valves.AccessLogValve.invoke(AccessLogValve.java:950)
	at org.apache.catalina.core.StandardEngineValve.invoke(StandardEngineValve.java:116)
	at org.apache.catalina.connector.CoyoteAdapter.service(CoyoteAdapter.java:421)
	at org.apache.coyote.http11.AbstractHttp11Processor.process(AbstractHttp11Processor.java:1070)
	at org.apache.coyote.AbstractProtocol$AbstractConnectionHandler.process(AbstractProtocol.java:611)
	at org.apache.tomcat.util.net.AprEndpoint$SocketProcessor.doRun(AprEndpoint.java:2462)
	at org.apache.tomcat.util.net.AprEndpoint$SocketProcessor.run(AprEndpoint.java:2451)
	at java.util.concurrent.ThreadPoolExecutor.runWorker(ThreadPoolExecutor.java:1145)
	at java.util.concurrent.ThreadPoolExecutor$Worker.run(ThreadPoolExecutor.java:615)
	at org.apache.tomcat.util.threads.TaskThread$WrappingRunnable.run(TaskThread.java:61)
	at java.lang.Thread.run(Thread.java:745)
Caused by: java.io.IOException
	at org.apache.coyote.http11.InternalAprOutputBuffer.flushBuffer(InternalAprOutputBuffer.java:205)
	at org.apache.coyote.http11.InternalAprOutputBuffer.access$100(InternalAprOutputBuffer.java:37)
	at org.apache.coyote.http11.InternalAprOutputBuffer$SocketOutputBuffer.doWrite(InternalAprOutputBuffer.java:235)
	at org.apache.coyote.http11.filters.IdentityOutputFilter.doWrite(IdentityOutputFilter.java:84)
	at org.apache.coyote.http11.AbstractOutputBuffer.doWrite(AbstractOutputBuffer.java:192)
	at org.apache.coyote.Response.doWrite(Response.java:499)
	at org.apache.catalina.connector.OutputBuffer.realWriteBytes(OutputBuffer.java:402)
	... 41 more
2018-04-23 10:58:48,790 WARN [org.springframework.web.servlet.PageNotFound] - <No mapping found for HTTP request with URI [/webDemo/front/favicon.ico] in DispatcherServlet with name 'spring'>
2018-04-23 11:04:09,526 WARN [org.springframework.web.servlet.PageNotFound] - <No mapping found for HTTP request with URI [/webDemo/front/favicon.ico] in DispatcherServlet with name 'spring'>
